Determining if the pthread_create exist failed with the following output:
Change Dir: /home/ros/catkin_ws/build/multiple_robots_slam/CMakeFiles/CMakeTmp

Run Build Command:"/usr/bin/make" "cmTC_27b53/fast"
/usr/bin/make -f CMakeFiles/cmTC_27b53.dir/build.make CMakeFiles/cmTC_27b53.dir/build
make[1]: ディレクトリ '/home/ros/catkin_ws/build/multiple_robots_slam/CMakeFiles/CMakeTmp' に入ります
Building C object CMakeFiles/cmTC_27b53.dir/CheckSymbolExists.c.o
/usr/bin/cc     -o CMakeFiles/cmTC_27b53.dir/CheckSymbolExists.c.o   -c /home/ros/catkin_ws/build/multiple_robots_slam/CMakeFiles/CMakeTmp/CheckSymbolExists.c
Linking C executable cmTC_27b53
/usr/bin/cmake -E cmake_link_script CMakeFiles/cmTC_27b53.dir/link.txt --verbose=1
/usr/bin/cc       CMakeFiles/cmTC_27b53.dir/CheckSymbolExists.c.o  -o cmTC_27b53 -rdynamic 
CMakeFiles/cmTC_27b53.dir/CheckSymbolExists.c.o: 関数 `main' 内:
CheckSymbolExists.c:(.text+0x16): `pthread_create' に対する定義されていない参照です
collect2: error: ld returned 1 exit status
CMakeFiles/cmTC_27b53.dir/build.make:97: ターゲット 'cmTC_27b53' のレシピで失敗しました
make[1]: *** [cmTC_27b53] エラー 1
make[1]: ディレクトリ '/home/ros/catkin_ws/build/multiple_robots_slam/CMakeFiles/CMakeTmp' から出ます
Makefile:126: ターゲット 'cmTC_27b53/fast' のレシピで失敗しました
make: *** [cmTC_27b53/fast] エラー 2

File /home/ros/catkin_ws/build/multiple_robots_slam/CMakeFiles/CMakeTmp/CheckSymbolExists.c:
/* */
#include <pthread.h>

int main(int argc, char** argv)
{
  (void)argv;
#ifndef pthread_create
  return ((int*)(&pthread_create))[argc];
#else
  (void)argc;
  return 0;
#endif
}

Determining if the function pthread_create exists in the pthreads failed with the following output:
Change Dir: /home/ros/catkin_ws/build/multiple_robots_slam/CMakeFiles/CMakeTmp

Run Build Command:"/usr/bin/make" "cmTC_08adc/fast"
/usr/bin/make -f CMakeFiles/cmTC_08adc.dir/build.make CMakeFiles/cmTC_08adc.dir/build
make[1]: ディレクトリ '/home/ros/catkin_ws/build/multiple_robots_slam/CMakeFiles/CMakeTmp' に入ります
Building C object CMakeFiles/cmTC_08adc.dir/CheckFunctionExists.c.o
/usr/bin/cc    -DCHECK_FUNCTION_EXISTS=pthread_create   -o CMakeFiles/cmTC_08adc.dir/CheckFunctionExists.c.o   -c /usr/share/cmake-3.5/Modules/CheckFunctionExists.c
Linking C executable cmTC_08adc
/usr/bin/cmake -E cmake_link_script CMakeFiles/cmTC_08adc.dir/link.txt --verbose=1
/usr/bin/cc   -DCHECK_FUNCTION_EXISTS=pthread_create    CMakeFiles/cmTC_08adc.dir/CheckFunctionExists.c.o  -o cmTC_08adc -rdynamic -lpthreads 
/usr/bin/ld: -lpthreads が見つかりません
collect2: error: ld returned 1 exit status
CMakeFiles/cmTC_08adc.dir/build.make:97: ターゲット 'cmTC_08adc' のレシピで失敗しました
make[1]: *** [cmTC_08adc] エラー 1
make[1]: ディレクトリ '/home/ros/catkin_ws/build/multiple_robots_slam/CMakeFiles/CMakeTmp' から出ます
Makefile:126: ターゲット 'cmTC_08adc/fast' のレシピで失敗しました
make: *** [cmTC_08adc/fast] エラー 2


