[  0%] Built target geometry_msgs_generate_messages_eus
[35m[1mScanning dependencies of target local_rrt_detector[0m
[35m[1mScanning dependencies of target global_rrt_detector[0m
[  0%] Built target _rrt_exploration_generate_messages_check_deps_PointArray
[  0%] Built target geometry_msgs_generate_messages_py
[  0%] Built target std_msgs_generate_messages_eus
[  6%] [32mBuilding CXX object CMakeFiles/global_rrt_detector.dir/src/global_rrt_detector.cpp.o[0m
[ 13%] [32mBuilding CXX object CMakeFiles/local_rrt_detector.dir/src/local_rrt_detector.cpp.o[0m
[ 20%] [32mBuilding CXX object CMakeFiles/global_rrt_detector.dir/src/functions.cpp.o[0m
[ 20%] Built target std_msgs_generate_messages_py
[ 26%] [32mBuilding CXX object CMakeFiles/local_rrt_detector.dir/src/functions.cpp.o[0m
[ 26%] Built target std_msgs_generate_messages_nodejs
[ 26%] Built target geometry_msgs_generate_messages_nodejs
[ 26%] Built target geometry_msgs_generate_messages_lisp
[ 26%] Built target std_msgs_generate_messages_lisp
[ 26%] Built target geometry_msgs_generate_messages_cpp
[ 26%] Built target std_msgs_generate_messages_cpp
[ 33%] [34m[1mGenerating EusLisp code from rrt_exploration/PointArray.msg[0m
[ 40%] [34m[1mGenerating Python from MSG rrt_exploration/PointArray[0m
[ 46%] [34m[1mGenerating EusLisp manifest code for rrt_exploration[0m
[ 53%] [34m[1mGenerating Python msg __init__.py for rrt_exploration[0m
[ 53%] Built target rrt_exploration_generate_messages_py
[ 60%] [34m[1mGenerating Javascript code from rrt_exploration/PointArray.msg[0m
[ 60%] Built target rrt_exploration_generate_messages_nodejs
[ 66%] [34m[1mGenerating Lisp code from rrt_exploration/PointArray.msg[0m
[ 66%] Built target rrt_exploration_generate_messages_lisp
[ 73%] [34m[1mGenerating C++ code from rrt_exploration/PointArray.msg[0m
[ 73%] Built target rrt_exploration_generate_messages_cpp
[ 73%] Built target rrt_exploration_generate_messages_eus
[ 73%] Built target rrt_exploration_generate_messages
[ 80%] [32m[1mLinking CXX executable /home/ros/catkin_ws/devel/.private/rrt_exploration/lib/rrt_exploration/global_rrt_detector[0m
[ 86%] [32m[1mLinking CXX executable /home/ros/catkin_ws/devel/.private/rrt_exploration/lib/rrt_exploration/local_rrt_detector[0m
[ 93%] Built target global_rrt_detector
[100%] Built target local_rrt_detector
