Linked: (/home/ros/catkin_ws/devel/.private/exploration/share/exploration/docs/seamless_hybrid_exploration_parameter_reconfigureConfig.dox, /home/ros/catkin_ws/devel/share/exploration/docs/seamless_hybrid_exploration_parameter_reconfigureConfig.dox)
Linked: (/home/ros/catkin_ws/devel/.private/exploration/share/exploration/docs/frontier_based_exploration_parameter_reconfigureConfig-usage.dox, /home/ros/catkin_ws/devel/share/exploration/docs/frontier_based_exploration_parameter_reconfigureConfig-usage.dox)
Linked: (/home/ros/catkin_ws/devel/.private/exploration/share/exploration/docs/frontier_based_exploration_parameter_reconfigureConfig.dox, /home/ros/catkin_ws/devel/share/exploration/docs/frontier_based_exploration_parameter_reconfigureConfig.dox)
Linked: (/home/ros/catkin_ws/devel/.private/exploration/share/exploration/docs/extra_parameter_reconfigureConfig-usage.dox, /home/ros/catkin_ws/devel/share/exploration/docs/extra_parameter_reconfigureConfig-usage.dox)
Linked: (/home/ros/catkin_ws/devel/.private/exploration/share/exploration/docs/multi_exploration_simulatorConfig.wikidoc, /home/ros/catkin_ws/devel/share/exploration/docs/multi_exploration_simulatorConfig.wikidoc)
Linked: (/home/ros/catkin_ws/devel/.private/exploration/share/exploration/docs/seamless_hybrid_exploration_parameter_reconfigureConfig.wikidoc, /home/ros/catkin_ws/devel/share/exploration/docs/seamless_hybrid_exploration_parameter_reconfigureConfig.wikidoc)
Linked: (/home/ros/catkin_ws/devel/.private/exploration/share/exploration/docs/extra_parameter_reconfigureConfig.dox, /home/ros/catkin_ws/devel/share/exploration/docs/extra_parameter_reconfigureConfig.dox)
Linked: (/home/ros/catkin_ws/devel/.private/exploration/share/exploration/docs/extra_parameter_reconfigureConfig.wikidoc, /home/ros/catkin_ws/devel/share/exploration/docs/extra_parameter_reconfigureConfig.wikidoc)
Linked: (/home/ros/catkin_ws/devel/.private/exploration/share/exploration/docs/sensor_based_exploration_parameter_reconfigureConfig.wikidoc, /home/ros/catkin_ws/devel/share/exploration/docs/sensor_based_exploration_parameter_reconfigureConfig.wikidoc)
Linked: (/home/ros/catkin_ws/devel/.private/exploration/share/exploration/docs/movement_parameter_reconfigureConfig.dox, /home/ros/catkin_ws/devel/share/exploration/docs/movement_parameter_reconfigureConfig.dox)
Linked: (/home/ros/catkin_ws/devel/.private/exploration/share/exploration/docs/multi_exploration_simulatorConfig.dox, /home/ros/catkin_ws/devel/share/exploration/docs/multi_exploration_simulatorConfig.dox)
Linked: (/home/ros/catkin_ws/devel/.private/exploration/share/exploration/docs/movement_parameter_reconfigureConfig.wikidoc, /home/ros/catkin_ws/devel/share/exploration/docs/movement_parameter_reconfigureConfig.wikidoc)
Linked: (/home/ros/catkin_ws/devel/.private/exploration/share/exploration/docs/sensor_based_exploration_parameter_reconfigureConfig.dox, /home/ros/catkin_ws/devel/share/exploration/docs/sensor_based_exploration_parameter_reconfigureConfig.dox)
Linked: (/home/ros/catkin_ws/devel/.private/exploration/share/exploration/docs/sensor_based_exploration_parameter_reconfigureConfig-usage.dox, /home/ros/catkin_ws/devel/share/exploration/docs/sensor_based_exploration_parameter_reconfigureConfig-usage.dox)
Linked: (/home/ros/catkin_ws/devel/.private/exploration/share/exploration/docs/seamless_hybrid_exploration_parameter_reconfigureConfig-usage.dox, /home/ros/catkin_ws/devel/share/exploration/docs/seamless_hybrid_exploration_parameter_reconfigureConfig-usage.dox)
Linked: (/home/ros/catkin_ws/devel/.private/exploration/share/exploration/docs/frontier_based_exploration_parameter_reconfigureConfig.wikidoc, /home/ros/catkin_ws/devel/share/exploration/docs/frontier_based_exploration_parameter_reconfigureConfig.wikidoc)
Linked: (/home/ros/catkin_ws/devel/.private/exploration/share/exploration/docs/movement_parameter_reconfigureConfig-usage.dox, /home/ros/catkin_ws/devel/share/exploration/docs/movement_parameter_reconfigureConfig-usage.dox)
Linked: (/home/ros/catkin_ws/devel/.private/exploration/share/exploration/docs/multi_exploration_simulatorConfig-usage.dox, /home/ros/catkin_ws/devel/share/exploration/docs/multi_exploration_simulatorConfig-usage.dox)
Linked: (/home/ros/catkin_ws/devel/.private/exploration/share/exploration/cmake/explorationConfig.cmake, /home/ros/catkin_ws/devel/share/exploration/cmake/explorationConfig.cmake)
Linked: (/home/ros/catkin_ws/devel/.private/exploration/share/exploration/cmake/explorationConfig-version.cmake, /home/ros/catkin_ws/devel/share/exploration/cmake/explorationConfig-version.cmake)
Linked: (/home/ros/catkin_ws/devel/.private/exploration/lib/libmovement_frontier.so, /home/ros/catkin_ws/devel/lib/libmovement_frontier.so)
Linked: (/home/ros/catkin_ws/devel/.private/exploration/lib/libmovement.so, /home/ros/catkin_ws/devel/lib/libmovement.so)
Linked: (/home/ros/catkin_ws/devel/.private/exploration/lib/libsbe.so, /home/ros/catkin_ws/devel/lib/libsbe.so)
Linked: (/home/ros/catkin_ws/devel/.private/exploration/lib/libshe.so, /home/ros/catkin_ws/devel/lib/libshe.so)
Linked: (/home/ros/catkin_ws/devel/.private/exploration/lib/libfbe.so, /home/ros/catkin_ws/devel/lib/libfbe.so)
Linked: (/home/ros/catkin_ws/devel/.private/exploration/lib/pkgconfig/exploration.pc, /home/ros/catkin_ws/devel/lib/pkgconfig/exploration.pc)
Linked: (/home/ros/catkin_ws/devel/.private/exploration/lib/exploration/simulator_input_support, /home/ros/catkin_ws/devel/lib/exploration/simulator_input_support)
Linked: (/home/ros/catkin_ws/devel/.private/exploration/lib/exploration/seamless_hybrid_exploration_loop_closure, /home/ros/catkin_ws/devel/lib/exploration/seamless_hybrid_exploration_loop_closure)
Linked: (/home/ros/catkin_ws/devel/.private/exploration/lib/exploration/seamless_hybrid_exploration, /home/ros/catkin_ws/devel/lib/exploration/seamless_hybrid_exploration)
Linked: (/home/ros/catkin_ws/devel/.private/exploration/lib/exploration/multi_exploration_simulator_input_support, /home/ros/catkin_ws/devel/lib/exploration/multi_exploration_simulator_input_support)
Linked: (/home/ros/catkin_ws/devel/.private/exploration/lib/exploration/multi_exploration_simulator, /home/ros/catkin_ws/devel/lib/exploration/multi_exploration_simulator)
Linked: (/home/ros/catkin_ws/devel/.private/exploration/lib/exploration/rrt_point_publisher, /home/ros/catkin_ws/devel/lib/exploration/rrt_point_publisher)
Linked: (/home/ros/catkin_ws/devel/.private/exploration/lib/exploration/legacy_hybrid_exploration, /home/ros/catkin_ws/devel/lib/exploration/legacy_hybrid_exploration)
Linked: (/home/ros/catkin_ws/devel/.private/exploration/lib/exploration/seamless_hybrid_exploration_actively_frontier, /home/ros/catkin_ws/devel/lib/exploration/seamless_hybrid_exploration_actively_frontier)
Linked: (/home/ros/catkin_ws/devel/.private/exploration/lib/exploration/extra_parameter_reconfigure, /home/ros/catkin_ws/devel/lib/exploration/extra_parameter_reconfigure)
Linked: (/home/ros/catkin_ws/devel/.private/exploration/lib/exploration/frontier_based_exploration, /home/ros/catkin_ws/devel/lib/exploration/frontier_based_exploration)
Linked: (/home/ros/catkin_ws/devel/.private/exploration/lib/exploration/rotation, /home/ros/catkin_ws/devel/lib/exploration/rotation)
Linked: (/home/ros/catkin_ws/devel/.private/exploration/lib/exploration/sensor_based_exploration, /home/ros/catkin_ws/devel/lib/exploration/sensor_based_exploration)
Linked: (/home/ros/catkin_ws/devel/.private/exploration/lib/python2.7/dist-packages/exploration/__init__.py, /home/ros/catkin_ws/devel/lib/python2.7/dist-packages/exploration/__init__.py)
Linked: (/home/ros/catkin_ws/devel/.private/exploration/lib/python2.7/dist-packages/exploration/cfg/movement_parameter_reconfigureConfig.py, /home/ros/catkin_ws/devel/lib/python2.7/dist-packages/exploration/cfg/movement_parameter_reconfigureConfig.py)
Linked: (/home/ros/catkin_ws/devel/.private/exploration/lib/python2.7/dist-packages/exploration/cfg/sensor_based_exploration_parameter_reconfigureConfig.py, /home/ros/catkin_ws/devel/lib/python2.7/dist-packages/exploration/cfg/sensor_based_exploration_parameter_reconfigureConfig.py)
Linked: (/home/ros/catkin_ws/devel/.private/exploration/lib/python2.7/dist-packages/exploration/cfg/extra_parameter_reconfigureConfig.py, /home/ros/catkin_ws/devel/lib/python2.7/dist-packages/exploration/cfg/extra_parameter_reconfigureConfig.py)
Linked: (/home/ros/catkin_ws/devel/.private/exploration/lib/python2.7/dist-packages/exploration/cfg/__init__.py, /home/ros/catkin_ws/devel/lib/python2.7/dist-packages/exploration/cfg/__init__.py)
Linked: (/home/ros/catkin_ws/devel/.private/exploration/lib/python2.7/dist-packages/exploration/cfg/multi_exploration_simulatorConfig.py, /home/ros/catkin_ws/devel/lib/python2.7/dist-packages/exploration/cfg/multi_exploration_simulatorConfig.py)
Linked: (/home/ros/catkin_ws/devel/.private/exploration/lib/python2.7/dist-packages/exploration/cfg/frontier_based_exploration_parameter_reconfigureConfig.py, /home/ros/catkin_ws/devel/lib/python2.7/dist-packages/exploration/cfg/frontier_based_exploration_parameter_reconfigureConfig.py)
Linked: (/home/ros/catkin_ws/devel/.private/exploration/lib/python2.7/dist-packages/exploration/cfg/seamless_hybrid_exploration_parameter_reconfigureConfig.py, /home/ros/catkin_ws/devel/lib/python2.7/dist-packages/exploration/cfg/seamless_hybrid_exploration_parameter_reconfigureConfig.py)
Linked: (/home/ros/catkin_ws/devel/.private/exploration/include/exploration/seamless_hybrid_exploration_parameter_reconfigureConfig.h, /home/ros/catkin_ws/devel/include/exploration/seamless_hybrid_exploration_parameter_reconfigureConfig.h)
Linked: (/home/ros/catkin_ws/devel/.private/exploration/include/exploration/movement_parameter_reconfigureConfig.h, /home/ros/catkin_ws/devel/include/exploration/movement_parameter_reconfigureConfig.h)
Linked: (/home/ros/catkin_ws/devel/.private/exploration/include/exploration/multi_exploration_simulatorConfig.h, /home/ros/catkin_ws/devel/include/exploration/multi_exploration_simulatorConfig.h)
Linked: (/home/ros/catkin_ws/devel/.private/exploration/include/exploration/frontier_based_exploration_parameter_reconfigureConfig.h, /home/ros/catkin_ws/devel/include/exploration/frontier_based_exploration_parameter_reconfigureConfig.h)
Linked: (/home/ros/catkin_ws/devel/.private/exploration/include/exploration/extra_parameter_reconfigureConfig.h, /home/ros/catkin_ws/devel/include/exploration/extra_parameter_reconfigureConfig.h)
Linked: (/home/ros/catkin_ws/devel/.private/exploration/include/exploration/sensor_based_exploration_parameter_reconfigureConfig.h, /home/ros/catkin_ws/devel/include/exploration/sensor_based_exploration_parameter_reconfigureConfig.h)
