[  0%] Built target geometry_msgs_generate_messages_cpp
[  0%] Built target std_msgs_generate_messages_cpp
[  0%] Built target _exploration_msgs_generate_messages_check_deps_FrontierArray
[  0%] Built target _exploration_msgs_generate_messages_check_deps_AvoidanceStatus
[  0%] Built target _exploration_msgs_generate_messages_check_deps_Branch
[  0%] Built target _exploration_msgs_generate_messages_check_deps_RobotInfoArray
[  0%] Built target _exploration_msgs_generate_messages_check_deps_PointArray
[  0%] Built target _exploration_msgs_generate_messages_check_deps_Frontier
[  0%] Built target geometry_msgs_generate_messages_nodejs
[  0%] Built target _exploration_msgs_generate_messages_check_deps_RobotInfo
[  0%] Built target std_msgs_generate_messages_nodejs
[  0%] Built target _exploration_msgs_generate_messages_check_deps_BranchArray
[  0%] Built target geometry_msgs_generate_messages_lisp
[  0%] Built target std_msgs_generate_messages_lisp
[  0%] Built target geometry_msgs_generate_messages_eus
[  0%] Built target std_msgs_generate_messages_eus
[  0%] Built target geometry_msgs_generate_messages_py
[  0%] Built target std_msgs_generate_messages_py
[ 19%] Built target exploration_msgs_generate_messages_cpp
[ 38%] Built target exploration_msgs_generate_messages_nodejs
[ 57%] Built target exploration_msgs_generate_messages_lisp
[ 78%] Built target exploration_msgs_generate_messages_eus
[100%] Built target exploration_msgs_generate_messages_py
[100%] Built target exploration_msgs_generate_messages
