Linked: (/home/ros/catkin_ws/devel/.private/exploration_msgs/share/gennodejs/ros/exploration_msgs/_index.js, /home/ros/catkin_ws/devel/share/gennodejs/ros/exploration_msgs/_index.js)
Linked: (/home/ros/catkin_ws/devel/.private/exploration_msgs/share/gennodejs/ros/exploration_msgs/msg/Frontier.js, /home/ros/catkin_ws/devel/share/gennodejs/ros/exploration_msgs/msg/Frontier.js)
Linked: (/home/ros/catkin_ws/devel/.private/exploration_msgs/share/gennodejs/ros/exploration_msgs/msg/FrontierArray.js, /home/ros/catkin_ws/devel/share/gennodejs/ros/exploration_msgs/msg/FrontierArray.js)
Linked: (/home/ros/catkin_ws/devel/.private/exploration_msgs/share/gennodejs/ros/exploration_msgs/msg/RobotInfoArray.js, /home/ros/catkin_ws/devel/share/gennodejs/ros/exploration_msgs/msg/RobotInfoArray.js)
Linked: (/home/ros/catkin_ws/devel/.private/exploration_msgs/share/gennodejs/ros/exploration_msgs/msg/Branch.js, /home/ros/catkin_ws/devel/share/gennodejs/ros/exploration_msgs/msg/Branch.js)
Linked: (/home/ros/catkin_ws/devel/.private/exploration_msgs/share/gennodejs/ros/exploration_msgs/msg/RobotInfo.js, /home/ros/catkin_ws/devel/share/gennodejs/ros/exploration_msgs/msg/RobotInfo.js)
Linked: (/home/ros/catkin_ws/devel/.private/exploration_msgs/share/gennodejs/ros/exploration_msgs/msg/_index.js, /home/ros/catkin_ws/devel/share/gennodejs/ros/exploration_msgs/msg/_index.js)
Linked: (/home/ros/catkin_ws/devel/.private/exploration_msgs/share/gennodejs/ros/exploration_msgs/msg/AvoidanceStatus.js, /home/ros/catkin_ws/devel/share/gennodejs/ros/exploration_msgs/msg/AvoidanceStatus.js)
Linked: (/home/ros/catkin_ws/devel/.private/exploration_msgs/share/gennodejs/ros/exploration_msgs/msg/PointArray.js, /home/ros/catkin_ws/devel/share/gennodejs/ros/exploration_msgs/msg/PointArray.js)
Linked: (/home/ros/catkin_ws/devel/.private/exploration_msgs/share/gennodejs/ros/exploration_msgs/msg/BranchArray.js, /home/ros/catkin_ws/devel/share/gennodejs/ros/exploration_msgs/msg/BranchArray.js)
Linked: (/home/ros/catkin_ws/devel/.private/exploration_msgs/share/gennodejs/ros/exploration_msgs/msg/PoseStampedArray.js, /home/ros/catkin_ws/devel/share/gennodejs/ros/exploration_msgs/msg/PoseStampedArray.js)
Linked: (/home/ros/catkin_ws/devel/.private/exploration_msgs/share/exploration_msgs/cmake/exploration_msgs-msg-extras.cmake, /home/ros/catkin_ws/devel/share/exploration_msgs/cmake/exploration_msgs-msg-extras.cmake)
Linked: (/home/ros/catkin_ws/devel/.private/exploration_msgs/share/exploration_msgs/cmake/exploration_msgsConfig.cmake, /home/ros/catkin_ws/devel/share/exploration_msgs/cmake/exploration_msgsConfig.cmake)
Linked: (/home/ros/catkin_ws/devel/.private/exploration_msgs/share/exploration_msgs/cmake/exploration_msgsConfig-version.cmake, /home/ros/catkin_ws/devel/share/exploration_msgs/cmake/exploration_msgsConfig-version.cmake)
Linked: (/home/ros/catkin_ws/devel/.private/exploration_msgs/share/exploration_msgs/cmake/exploration_msgs-msg-paths.cmake, /home/ros/catkin_ws/devel/share/exploration_msgs/cmake/exploration_msgs-msg-paths.cmake)
Linked: (/home/ros/catkin_ws/devel/.private/exploration_msgs/share/common-lisp/ros/exploration_msgs/msg/_package_FrontierArray.lisp, /home/ros/catkin_ws/devel/share/common-lisp/ros/exploration_msgs/msg/_package_FrontierArray.lisp)
Linked: (/home/ros/catkin_ws/devel/.private/exploration_msgs/share/common-lisp/ros/exploration_msgs/msg/Branch.lisp, /home/ros/catkin_ws/devel/share/common-lisp/ros/exploration_msgs/msg/Branch.lisp)
Linked: (/home/ros/catkin_ws/devel/.private/exploration_msgs/share/common-lisp/ros/exploration_msgs/msg/_package_AvoidanceStatus.lisp, /home/ros/catkin_ws/devel/share/common-lisp/ros/exploration_msgs/msg/_package_AvoidanceStatus.lisp)
Linked: (/home/ros/catkin_ws/devel/.private/exploration_msgs/share/common-lisp/ros/exploration_msgs/msg/exploration_msgs-msg.asd, /home/ros/catkin_ws/devel/share/common-lisp/ros/exploration_msgs/msg/exploration_msgs-msg.asd)
Linked: (/home/ros/catkin_ws/devel/.private/exploration_msgs/share/common-lisp/ros/exploration_msgs/msg/_package_Branch.lisp, /home/ros/catkin_ws/devel/share/common-lisp/ros/exploration_msgs/msg/_package_Branch.lisp)
Linked: (/home/ros/catkin_ws/devel/.private/exploration_msgs/share/common-lisp/ros/exploration_msgs/msg/Frontier.lisp, /home/ros/catkin_ws/devel/share/common-lisp/ros/exploration_msgs/msg/Frontier.lisp)
Linked: (/home/ros/catkin_ws/devel/.private/exploration_msgs/share/common-lisp/ros/exploration_msgs/msg/_package_PoseStampedArray.lisp, /home/ros/catkin_ws/devel/share/common-lisp/ros/exploration_msgs/msg/_package_PoseStampedArray.lisp)
Linked: (/home/ros/catkin_ws/devel/.private/exploration_msgs/share/common-lisp/ros/exploration_msgs/msg/AvoidanceStatus.lisp, /home/ros/catkin_ws/devel/share/common-lisp/ros/exploration_msgs/msg/AvoidanceStatus.lisp)
Linked: (/home/ros/catkin_ws/devel/.private/exploration_msgs/share/common-lisp/ros/exploration_msgs/msg/_package_BranchArray.lisp, /home/ros/catkin_ws/devel/share/common-lisp/ros/exploration_msgs/msg/_package_BranchArray.lisp)
Linked: (/home/ros/catkin_ws/devel/.private/exploration_msgs/share/common-lisp/ros/exploration_msgs/msg/PointArray.lisp, /home/ros/catkin_ws/devel/share/common-lisp/ros/exploration_msgs/msg/PointArray.lisp)
Linked: (/home/ros/catkin_ws/devel/.private/exploration_msgs/share/common-lisp/ros/exploration_msgs/msg/_package_PointArray.lisp, /home/ros/catkin_ws/devel/share/common-lisp/ros/exploration_msgs/msg/_package_PointArray.lisp)
Linked: (/home/ros/catkin_ws/devel/.private/exploration_msgs/share/common-lisp/ros/exploration_msgs/msg/RobotInfoArray.lisp, /home/ros/catkin_ws/devel/share/common-lisp/ros/exploration_msgs/msg/RobotInfoArray.lisp)
Linked: (/home/ros/catkin_ws/devel/.private/exploration_msgs/share/common-lisp/ros/exploration_msgs/msg/BranchArray.lisp, /home/ros/catkin_ws/devel/share/common-lisp/ros/exploration_msgs/msg/BranchArray.lisp)
Linked: (/home/ros/catkin_ws/devel/.private/exploration_msgs/share/common-lisp/ros/exploration_msgs/msg/_package_Frontier.lisp, /home/ros/catkin_ws/devel/share/common-lisp/ros/exploration_msgs/msg/_package_Frontier.lisp)
Linked: (/home/ros/catkin_ws/devel/.private/exploration_msgs/share/common-lisp/ros/exploration_msgs/msg/FrontierArray.lisp, /home/ros/catkin_ws/devel/share/common-lisp/ros/exploration_msgs/msg/FrontierArray.lisp)
Linked: (/home/ros/catkin_ws/devel/.private/exploration_msgs/share/common-lisp/ros/exploration_msgs/msg/PoseStampedArray.lisp, /home/ros/catkin_ws/devel/share/common-lisp/ros/exploration_msgs/msg/PoseStampedArray.lisp)
Linked: (/home/ros/catkin_ws/devel/.private/exploration_msgs/share/common-lisp/ros/exploration_msgs/msg/_package_RobotInfo.lisp, /home/ros/catkin_ws/devel/share/common-lisp/ros/exploration_msgs/msg/_package_RobotInfo.lisp)
Linked: (/home/ros/catkin_ws/devel/.private/exploration_msgs/share/common-lisp/ros/exploration_msgs/msg/RobotInfo.lisp, /home/ros/catkin_ws/devel/share/common-lisp/ros/exploration_msgs/msg/RobotInfo.lisp)
Linked: (/home/ros/catkin_ws/devel/.private/exploration_msgs/share/common-lisp/ros/exploration_msgs/msg/_package_RobotInfoArray.lisp, /home/ros/catkin_ws/devel/share/common-lisp/ros/exploration_msgs/msg/_package_RobotInfoArray.lisp)
Linked: (/home/ros/catkin_ws/devel/.private/exploration_msgs/share/common-lisp/ros/exploration_msgs/msg/_package.lisp, /home/ros/catkin_ws/devel/share/common-lisp/ros/exploration_msgs/msg/_package.lisp)
Linked: (/home/ros/catkin_ws/devel/.private/exploration_msgs/share/roseus/ros/exploration_msgs/manifest.l, /home/ros/catkin_ws/devel/share/roseus/ros/exploration_msgs/manifest.l)
Linked: (/home/ros/catkin_ws/devel/.private/exploration_msgs/share/roseus/ros/exploration_msgs/msg/FrontierArray.l, /home/ros/catkin_ws/devel/share/roseus/ros/exploration_msgs/msg/FrontierArray.l)
Linked: (/home/ros/catkin_ws/devel/.private/exploration_msgs/share/roseus/ros/exploration_msgs/msg/Branch.l, /home/ros/catkin_ws/devel/share/roseus/ros/exploration_msgs/msg/Branch.l)
Linked: (/home/ros/catkin_ws/devel/.private/exploration_msgs/share/roseus/ros/exploration_msgs/msg/RobotInfo.l, /home/ros/catkin_ws/devel/share/roseus/ros/exploration_msgs/msg/RobotInfo.l)
Linked: (/home/ros/catkin_ws/devel/.private/exploration_msgs/share/roseus/ros/exploration_msgs/msg/BranchArray.l, /home/ros/catkin_ws/devel/share/roseus/ros/exploration_msgs/msg/BranchArray.l)
Linked: (/home/ros/catkin_ws/devel/.private/exploration_msgs/share/roseus/ros/exploration_msgs/msg/PointArray.l, /home/ros/catkin_ws/devel/share/roseus/ros/exploration_msgs/msg/PointArray.l)
Linked: (/home/ros/catkin_ws/devel/.private/exploration_msgs/share/roseus/ros/exploration_msgs/msg/RobotInfoArray.l, /home/ros/catkin_ws/devel/share/roseus/ros/exploration_msgs/msg/RobotInfoArray.l)
Linked: (/home/ros/catkin_ws/devel/.private/exploration_msgs/share/roseus/ros/exploration_msgs/msg/AvoidanceStatus.l, /home/ros/catkin_ws/devel/share/roseus/ros/exploration_msgs/msg/AvoidanceStatus.l)
Linked: (/home/ros/catkin_ws/devel/.private/exploration_msgs/share/roseus/ros/exploration_msgs/msg/Frontier.l, /home/ros/catkin_ws/devel/share/roseus/ros/exploration_msgs/msg/Frontier.l)
Linked: (/home/ros/catkin_ws/devel/.private/exploration_msgs/share/roseus/ros/exploration_msgs/msg/PoseStampedArray.l, /home/ros/catkin_ws/devel/share/roseus/ros/exploration_msgs/msg/PoseStampedArray.l)
Linked: (/home/ros/catkin_ws/devel/.private/exploration_msgs/lib/pkgconfig/exploration_msgs.pc, /home/ros/catkin_ws/devel/lib/pkgconfig/exploration_msgs.pc)
Linked: (/home/ros/catkin_ws/devel/.private/exploration_msgs/lib/python2.7/dist-packages/exploration_msgs/__init__.py, /home/ros/catkin_ws/devel/lib/python2.7/dist-packages/exploration_msgs/__init__.py)
Linked: (/home/ros/catkin_ws/devel/.private/exploration_msgs/lib/python2.7/dist-packages/exploration_msgs/msg/_Frontier.py, /home/ros/catkin_ws/devel/lib/python2.7/dist-packages/exploration_msgs/msg/_Frontier.py)
Linked: (/home/ros/catkin_ws/devel/.private/exploration_msgs/lib/python2.7/dist-packages/exploration_msgs/msg/_BranchArray.py, /home/ros/catkin_ws/devel/lib/python2.7/dist-packages/exploration_msgs/msg/_BranchArray.py)
Linked: (/home/ros/catkin_ws/devel/.private/exploration_msgs/lib/python2.7/dist-packages/exploration_msgs/msg/_FrontierArray.py, /home/ros/catkin_ws/devel/lib/python2.7/dist-packages/exploration_msgs/msg/_FrontierArray.py)
Linked: (/home/ros/catkin_ws/devel/.private/exploration_msgs/lib/python2.7/dist-packages/exploration_msgs/msg/_AvoidanceStatus.py, /home/ros/catkin_ws/devel/lib/python2.7/dist-packages/exploration_msgs/msg/_AvoidanceStatus.py)
Linked: (/home/ros/catkin_ws/devel/.private/exploration_msgs/lib/python2.7/dist-packages/exploration_msgs/msg/_PointArray.py, /home/ros/catkin_ws/devel/lib/python2.7/dist-packages/exploration_msgs/msg/_PointArray.py)
Linked: (/home/ros/catkin_ws/devel/.private/exploration_msgs/lib/python2.7/dist-packages/exploration_msgs/msg/_RobotInfo.py, /home/ros/catkin_ws/devel/lib/python2.7/dist-packages/exploration_msgs/msg/_RobotInfo.py)
Linked: (/home/ros/catkin_ws/devel/.private/exploration_msgs/lib/python2.7/dist-packages/exploration_msgs/msg/_Branch.py, /home/ros/catkin_ws/devel/lib/python2.7/dist-packages/exploration_msgs/msg/_Branch.py)
Linked: (/home/ros/catkin_ws/devel/.private/exploration_msgs/lib/python2.7/dist-packages/exploration_msgs/msg/_PoseStampedArray.py, /home/ros/catkin_ws/devel/lib/python2.7/dist-packages/exploration_msgs/msg/_PoseStampedArray.py)
Linked: (/home/ros/catkin_ws/devel/.private/exploration_msgs/lib/python2.7/dist-packages/exploration_msgs/msg/__init__.py, /home/ros/catkin_ws/devel/lib/python2.7/dist-packages/exploration_msgs/msg/__init__.py)
Linked: (/home/ros/catkin_ws/devel/.private/exploration_msgs/lib/python2.7/dist-packages/exploration_msgs/msg/_RobotInfoArray.py, /home/ros/catkin_ws/devel/lib/python2.7/dist-packages/exploration_msgs/msg/_RobotInfoArray.py)
Linked: (/home/ros/catkin_ws/devel/.private/exploration_msgs/include/exploration_msgs/RobotInfo.h, /home/ros/catkin_ws/devel/include/exploration_msgs/RobotInfo.h)
Linked: (/home/ros/catkin_ws/devel/.private/exploration_msgs/include/exploration_msgs/BranchArray.h, /home/ros/catkin_ws/devel/include/exploration_msgs/BranchArray.h)
Linked: (/home/ros/catkin_ws/devel/.private/exploration_msgs/include/exploration_msgs/Branch.h, /home/ros/catkin_ws/devel/include/exploration_msgs/Branch.h)
Linked: (/home/ros/catkin_ws/devel/.private/exploration_msgs/include/exploration_msgs/PointArray.h, /home/ros/catkin_ws/devel/include/exploration_msgs/PointArray.h)
Linked: (/home/ros/catkin_ws/devel/.private/exploration_msgs/include/exploration_msgs/AvoidanceStatus.h, /home/ros/catkin_ws/devel/include/exploration_msgs/AvoidanceStatus.h)
Linked: (/home/ros/catkin_ws/devel/.private/exploration_msgs/include/exploration_msgs/Frontier.h, /home/ros/catkin_ws/devel/include/exploration_msgs/Frontier.h)
Linked: (/home/ros/catkin_ws/devel/.private/exploration_msgs/include/exploration_msgs/RobotInfoArray.h, /home/ros/catkin_ws/devel/include/exploration_msgs/RobotInfoArray.h)
Linked: (/home/ros/catkin_ws/devel/.private/exploration_msgs/include/exploration_msgs/PoseStampedArray.h, /home/ros/catkin_ws/devel/include/exploration_msgs/PoseStampedArray.h)
Linked: (/home/ros/catkin_ws/devel/.private/exploration_msgs/include/exploration_msgs/FrontierArray.h, /home/ros/catkin_ws/devel/include/exploration_msgs/FrontierArray.h)
