Determining if the pthread_create exist failed with the following output:
Change Dir: /home/ros/catkin_ws/build/robot_action_mng/CMakeFiles/CMakeTmp

Run Build Command:"/usr/bin/make" "cmTC_63c8b/fast"
/usr/bin/make -f CMakeFiles/cmTC_63c8b.dir/build.make CMakeFiles/cmTC_63c8b.dir/build
make[1]: ディレクトリ '/home/ros/catkin_ws/build/robot_action_mng/CMakeFiles/CMakeTmp' に入ります
Building C object CMakeFiles/cmTC_63c8b.dir/CheckSymbolExists.c.o
/usr/bin/cc     -o CMakeFiles/cmTC_63c8b.dir/CheckSymbolExists.c.o   -c /home/ros/catkin_ws/build/robot_action_mng/CMakeFiles/CMakeTmp/CheckSymbolExists.c
Linking C executable cmTC_63c8b
/usr/bin/cmake -E cmake_link_script CMakeFiles/cmTC_63c8b.dir/link.txt --verbose=1
/usr/bin/cc       CMakeFiles/cmTC_63c8b.dir/CheckSymbolExists.c.o  -o cmTC_63c8b -rdynamic 
CMakeFiles/cmTC_63c8b.dir/CheckSymbolExists.c.o: 関数 `main' 内:
CheckSymbolExists.c:(.text+0x16): `pthread_create' に対する定義されていない参照です
collect2: error: ld returned 1 exit status
CMakeFiles/cmTC_63c8b.dir/build.make:97: ターゲット 'cmTC_63c8b' のレシピで失敗しました
make[1]: *** [cmTC_63c8b] エラー 1
make[1]: ディレクトリ '/home/ros/catkin_ws/build/robot_action_mng/CMakeFiles/CMakeTmp' から出ます
Makefile:126: ターゲット 'cmTC_63c8b/fast' のレシピで失敗しました
make: *** [cmTC_63c8b/fast] エラー 2

File /home/ros/catkin_ws/build/robot_action_mng/CMakeFiles/CMakeTmp/CheckSymbolExists.c:
/* */
#include <pthread.h>

int main(int argc, char** argv)
{
  (void)argv;
#ifndef pthread_create
  return ((int*)(&pthread_create))[argc];
#else
  (void)argc;
  return 0;
#endif
}

Determining if the function pthread_create exists in the pthreads failed with the following output:
Change Dir: /home/ros/catkin_ws/build/robot_action_mng/CMakeFiles/CMakeTmp

Run Build Command:"/usr/bin/make" "cmTC_9d6de/fast"
/usr/bin/make -f CMakeFiles/cmTC_9d6de.dir/build.make CMakeFiles/cmTC_9d6de.dir/build
make[1]: ディレクトリ '/home/ros/catkin_ws/build/robot_action_mng/CMakeFiles/CMakeTmp' に入ります
Building C object CMakeFiles/cmTC_9d6de.dir/CheckFunctionExists.c.o
/usr/bin/cc    -DCHECK_FUNCTION_EXISTS=pthread_create   -o CMakeFiles/cmTC_9d6de.dir/CheckFunctionExists.c.o   -c /usr/share/cmake-3.5/Modules/CheckFunctionExists.c
Linking C executable cmTC_9d6de
/usr/bin/cmake -E cmake_link_script CMakeFiles/cmTC_9d6de.dir/link.txt --verbose=1
/usr/bin/cc   -DCHECK_FUNCTION_EXISTS=pthread_create    CMakeFiles/cmTC_9d6de.dir/CheckFunctionExists.c.o  -o cmTC_9d6de -rdynamic -lpthreads 
/usr/bin/ld: -lpthreads が見つかりません
collect2: error: ld returned 1 exit status
CMakeFiles/cmTC_9d6de.dir/build.make:97: ターゲット 'cmTC_9d6de' のレシピで失敗しました
make[1]: *** [cmTC_9d6de] エラー 1
make[1]: ディレクトリ '/home/ros/catkin_ws/build/robot_action_mng/CMakeFiles/CMakeTmp' から出ます
Makefile:126: ターゲット 'cmTC_9d6de/fast' のレシピで失敗しました
make: *** [cmTC_9d6de/fast] エラー 2


