Determining if the pthread_create exist failed with the following output:
Change Dir: /home/ros/catkin_ws/build/catkin_tools_prebuild/CMakeFiles/CMakeTmp

Run Build Command:"/usr/bin/make" "cmTC_b582a/fast"
/usr/bin/make -f CMakeFiles/cmTC_b582a.dir/build.make CMakeFiles/cmTC_b582a.dir/build
make[1]: ディレクトリ '/home/ros/catkin_ws/build/catkin_tools_prebuild/CMakeFiles/CMakeTmp' に入ります
Building C object CMakeFiles/cmTC_b582a.dir/CheckSymbolExists.c.o
/usr/bin/cc     -o CMakeFiles/cmTC_b582a.dir/CheckSymbolExists.c.o   -c /home/ros/catkin_ws/build/catkin_tools_prebuild/CMakeFiles/CMakeTmp/CheckSymbolExists.c
Linking C executable cmTC_b582a
/usr/bin/cmake -E cmake_link_script CMakeFiles/cmTC_b582a.dir/link.txt --verbose=1
/usr/bin/cc       CMakeFiles/cmTC_b582a.dir/CheckSymbolExists.c.o  -o cmTC_b582a -rdynamic 
CMakeFiles/cmTC_b582a.dir/CheckSymbolExists.c.o: 関数 `main' 内:
CheckSymbolExists.c:(.text+0x16): `pthread_create' に対する定義されていない参照です
collect2: error: ld returned 1 exit status
CMakeFiles/cmTC_b582a.dir/build.make:97: ターゲット 'cmTC_b582a' のレシピで失敗しました
make[1]: *** [cmTC_b582a] エラー 1
make[1]: ディレクトリ '/home/ros/catkin_ws/build/catkin_tools_prebuild/CMakeFiles/CMakeTmp' から出ます
Makefile:126: ターゲット 'cmTC_b582a/fast' のレシピで失敗しました
make: *** [cmTC_b582a/fast] エラー 2

File /home/ros/catkin_ws/build/catkin_tools_prebuild/CMakeFiles/CMakeTmp/CheckSymbolExists.c:
/* */
#include <pthread.h>

int main(int argc, char** argv)
{
  (void)argv;
#ifndef pthread_create
  return ((int*)(&pthread_create))[argc];
#else
  (void)argc;
  return 0;
#endif
}

Determining if the function pthread_create exists in the pthreads failed with the following output:
Change Dir: /home/ros/catkin_ws/build/catkin_tools_prebuild/CMakeFiles/CMakeTmp

Run Build Command:"/usr/bin/make" "cmTC_c7a2e/fast"
/usr/bin/make -f CMakeFiles/cmTC_c7a2e.dir/build.make CMakeFiles/cmTC_c7a2e.dir/build
make[1]: ディレクトリ '/home/ros/catkin_ws/build/catkin_tools_prebuild/CMakeFiles/CMakeTmp' に入ります
Building C object CMakeFiles/cmTC_c7a2e.dir/CheckFunctionExists.c.o
/usr/bin/cc    -DCHECK_FUNCTION_EXISTS=pthread_create   -o CMakeFiles/cmTC_c7a2e.dir/CheckFunctionExists.c.o   -c /usr/share/cmake-3.5/Modules/CheckFunctionExists.c
Linking C executable cmTC_c7a2e
/usr/bin/cmake -E cmake_link_script CMakeFiles/cmTC_c7a2e.dir/link.txt --verbose=1
/usr/bin/cc   -DCHECK_FUNCTION_EXISTS=pthread_create    CMakeFiles/cmTC_c7a2e.dir/CheckFunctionExists.c.o  -o cmTC_c7a2e -rdynamic -lpthreads 
/usr/bin/ld: -lpthreads が見つかりません
collect2: error: ld returned 1 exit status
CMakeFiles/cmTC_c7a2e.dir/build.make:97: ターゲット 'cmTC_c7a2e' のレシピで失敗しました
make[1]: *** [cmTC_c7a2e] エラー 1
make[1]: ディレクトリ '/home/ros/catkin_ws/build/catkin_tools_prebuild/CMakeFiles/CMakeTmp' から出ます
Makefile:126: ターゲット 'cmTC_c7a2e/fast' のレシピで失敗しました
make: *** [cmTC_c7a2e/fast] エラー 2


