Determining if the pthread_create exist failed with the following output:
Change Dir: /home/ros/catkin_ws/build/simulator_pack/CMakeFiles/CMakeTmp

Run Build Command:"/usr/bin/make" "cmTC_7929e/fast"
/usr/bin/make -f CMakeFiles/cmTC_7929e.dir/build.make CMakeFiles/cmTC_7929e.dir/build
make[1]: ディレクトリ '/home/ros/catkin_ws/build/simulator_pack/CMakeFiles/CMakeTmp' に入ります
Building C object CMakeFiles/cmTC_7929e.dir/CheckSymbolExists.c.o
/usr/bin/cc     -o CMakeFiles/cmTC_7929e.dir/CheckSymbolExists.c.o   -c /home/ros/catkin_ws/build/simulator_pack/CMakeFiles/CMakeTmp/CheckSymbolExists.c
Linking C executable cmTC_7929e
/usr/bin/cmake -E cmake_link_script CMakeFiles/cmTC_7929e.dir/link.txt --verbose=1
/usr/bin/cc       CMakeFiles/cmTC_7929e.dir/CheckSymbolExists.c.o  -o cmTC_7929e -rdynamic 
CMakeFiles/cmTC_7929e.dir/CheckSymbolExists.c.o: 関数 `main' 内:
CheckSymbolExists.c:(.text+0x16): `pthread_create' に対する定義されていない参照です
collect2: error: ld returned 1 exit status
CMakeFiles/cmTC_7929e.dir/build.make:97: ターゲット 'cmTC_7929e' のレシピで失敗しました
make[1]: *** [cmTC_7929e] エラー 1
make[1]: ディレクトリ '/home/ros/catkin_ws/build/simulator_pack/CMakeFiles/CMakeTmp' から出ます
Makefile:126: ターゲット 'cmTC_7929e/fast' のレシピで失敗しました
make: *** [cmTC_7929e/fast] エラー 2

File /home/ros/catkin_ws/build/simulator_pack/CMakeFiles/CMakeTmp/CheckSymbolExists.c:
/* */
#include <pthread.h>

int main(int argc, char** argv)
{
  (void)argv;
#ifndef pthread_create
  return ((int*)(&pthread_create))[argc];
#else
  (void)argc;
  return 0;
#endif
}

Determining if the function pthread_create exists in the pthreads failed with the following output:
Change Dir: /home/ros/catkin_ws/build/simulator_pack/CMakeFiles/CMakeTmp

Run Build Command:"/usr/bin/make" "cmTC_a0a1b/fast"
/usr/bin/make -f CMakeFiles/cmTC_a0a1b.dir/build.make CMakeFiles/cmTC_a0a1b.dir/build
make[1]: ディレクトリ '/home/ros/catkin_ws/build/simulator_pack/CMakeFiles/CMakeTmp' に入ります
Building C object CMakeFiles/cmTC_a0a1b.dir/CheckFunctionExists.c.o
/usr/bin/cc    -DCHECK_FUNCTION_EXISTS=pthread_create   -o CMakeFiles/cmTC_a0a1b.dir/CheckFunctionExists.c.o   -c /usr/share/cmake-3.5/Modules/CheckFunctionExists.c
Linking C executable cmTC_a0a1b
/usr/bin/cmake -E cmake_link_script CMakeFiles/cmTC_a0a1b.dir/link.txt --verbose=1
/usr/bin/cc   -DCHECK_FUNCTION_EXISTS=pthread_create    CMakeFiles/cmTC_a0a1b.dir/CheckFunctionExists.c.o  -o cmTC_a0a1b -rdynamic -lpthreads 
/usr/bin/ld: -lpthreads が見つかりません
collect2: error: ld returned 1 exit status
CMakeFiles/cmTC_a0a1b.dir/build.make:97: ターゲット 'cmTC_a0a1b' のレシピで失敗しました
make[1]: *** [cmTC_a0a1b] エラー 1
make[1]: ディレクトリ '/home/ros/catkin_ws/build/simulator_pack/CMakeFiles/CMakeTmp' から出ます
Makefile:126: ターゲット 'cmTC_a0a1b/fast' のレシピで失敗しました
make: *** [cmTC_a0a1b/fast] エラー 2


