Determining if the pthread_create exist failed with the following output:
Change Dir: /home/ros/catkin_ws/build/exploration_libraly/CMakeFiles/CMakeTmp

Run Build Command:"/usr/bin/make" "cmTC_09f3a/fast"
/usr/bin/make -f CMakeFiles/cmTC_09f3a.dir/build.make CMakeFiles/cmTC_09f3a.dir/build
make[1]: ディレクトリ '/home/ros/catkin_ws/build/exploration_libraly/CMakeFiles/CMakeTmp' に入ります
Building C object CMakeFiles/cmTC_09f3a.dir/CheckSymbolExists.c.o
/usr/bin/cc     -o CMakeFiles/cmTC_09f3a.dir/CheckSymbolExists.c.o   -c /home/ros/catkin_ws/build/exploration_libraly/CMakeFiles/CMakeTmp/CheckSymbolExists.c
Linking C executable cmTC_09f3a
/usr/bin/cmake -E cmake_link_script CMakeFiles/cmTC_09f3a.dir/link.txt --verbose=1
/usr/bin/cc       CMakeFiles/cmTC_09f3a.dir/CheckSymbolExists.c.o  -o cmTC_09f3a -rdynamic 
CMakeFiles/cmTC_09f3a.dir/CheckSymbolExists.c.o: 関数 `main' 内:
CheckSymbolExists.c:(.text+0x16): `pthread_create' に対する定義されていない参照です
collect2: error: ld returned 1 exit status
CMakeFiles/cmTC_09f3a.dir/build.make:97: ターゲット 'cmTC_09f3a' のレシピで失敗しました
make[1]: *** [cmTC_09f3a] エラー 1
make[1]: ディレクトリ '/home/ros/catkin_ws/build/exploration_libraly/CMakeFiles/CMakeTmp' から出ます
Makefile:126: ターゲット 'cmTC_09f3a/fast' のレシピで失敗しました
make: *** [cmTC_09f3a/fast] エラー 2

File /home/ros/catkin_ws/build/exploration_libraly/CMakeFiles/CMakeTmp/CheckSymbolExists.c:
/* */
#include <pthread.h>

int main(int argc, char** argv)
{
  (void)argv;
#ifndef pthread_create
  return ((int*)(&pthread_create))[argc];
#else
  (void)argc;
  return 0;
#endif
}

Determining if the function pthread_create exists in the pthreads failed with the following output:
Change Dir: /home/ros/catkin_ws/build/exploration_libraly/CMakeFiles/CMakeTmp

Run Build Command:"/usr/bin/make" "cmTC_e32ea/fast"
/usr/bin/make -f CMakeFiles/cmTC_e32ea.dir/build.make CMakeFiles/cmTC_e32ea.dir/build
make[1]: ディレクトリ '/home/ros/catkin_ws/build/exploration_libraly/CMakeFiles/CMakeTmp' に入ります
Building C object CMakeFiles/cmTC_e32ea.dir/CheckFunctionExists.c.o
/usr/bin/cc    -DCHECK_FUNCTION_EXISTS=pthread_create   -o CMakeFiles/cmTC_e32ea.dir/CheckFunctionExists.c.o   -c /usr/share/cmake-3.5/Modules/CheckFunctionExists.c
Linking C executable cmTC_e32ea
/usr/bin/cmake -E cmake_link_script CMakeFiles/cmTC_e32ea.dir/link.txt --verbose=1
/usr/bin/cc   -DCHECK_FUNCTION_EXISTS=pthread_create    CMakeFiles/cmTC_e32ea.dir/CheckFunctionExists.c.o  -o cmTC_e32ea -rdynamic -lpthreads 
/usr/bin/ld: -lpthreads が見つかりません
collect2: error: ld returned 1 exit status
CMakeFiles/cmTC_e32ea.dir/build.make:97: ターゲット 'cmTC_e32ea' のレシピで失敗しました
make[1]: *** [cmTC_e32ea] エラー 1
make[1]: ディレクトリ '/home/ros/catkin_ws/build/exploration_libraly/CMakeFiles/CMakeTmp' から出ます
Makefile:126: ターゲット 'cmTC_e32ea/fast' のレシピで失敗しました
make: *** [cmTC_e32ea/fast] エラー 2


