Determining if the pthread_create exist failed with the following output:
Change Dir: /home/ros/catkin_ws/build/grid_map_merge/CMakeFiles/CMakeTmp

Run Build Command:"/usr/bin/make" "cmTC_4617c/fast"
/usr/bin/make -f CMakeFiles/cmTC_4617c.dir/build.make CMakeFiles/cmTC_4617c.dir/build
make[1]: ディレクトリ '/home/ros/catkin_ws/build/grid_map_merge/CMakeFiles/CMakeTmp' に入ります
Building C object CMakeFiles/cmTC_4617c.dir/CheckSymbolExists.c.o
/usr/bin/cc     -o CMakeFiles/cmTC_4617c.dir/CheckSymbolExists.c.o   -c /home/ros/catkin_ws/build/grid_map_merge/CMakeFiles/CMakeTmp/CheckSymbolExists.c
Linking C executable cmTC_4617c
/usr/bin/cmake -E cmake_link_script CMakeFiles/cmTC_4617c.dir/link.txt --verbose=1
/usr/bin/cc       CMakeFiles/cmTC_4617c.dir/CheckSymbolExists.c.o  -o cmTC_4617c -rdynamic 
CMakeFiles/cmTC_4617c.dir/CheckSymbolExists.c.o: 関数 `main' 内:
CheckSymbolExists.c:(.text+0x16): `pthread_create' に対する定義されていない参照です
collect2: error: ld returned 1 exit status
CMakeFiles/cmTC_4617c.dir/build.make:97: ターゲット 'cmTC_4617c' のレシピで失敗しました
make[1]: *** [cmTC_4617c] エラー 1
make[1]: ディレクトリ '/home/ros/catkin_ws/build/grid_map_merge/CMakeFiles/CMakeTmp' から出ます
Makefile:126: ターゲット 'cmTC_4617c/fast' のレシピで失敗しました
make: *** [cmTC_4617c/fast] エラー 2

File /home/ros/catkin_ws/build/grid_map_merge/CMakeFiles/CMakeTmp/CheckSymbolExists.c:
/* */
#include <pthread.h>

int main(int argc, char** argv)
{
  (void)argv;
#ifndef pthread_create
  return ((int*)(&pthread_create))[argc];
#else
  (void)argc;
  return 0;
#endif
}

Determining if the function pthread_create exists in the pthreads failed with the following output:
Change Dir: /home/ros/catkin_ws/build/grid_map_merge/CMakeFiles/CMakeTmp

Run Build Command:"/usr/bin/make" "cmTC_b7bde/fast"
/usr/bin/make -f CMakeFiles/cmTC_b7bde.dir/build.make CMakeFiles/cmTC_b7bde.dir/build
make[1]: ディレクトリ '/home/ros/catkin_ws/build/grid_map_merge/CMakeFiles/CMakeTmp' に入ります
Building C object CMakeFiles/cmTC_b7bde.dir/CheckFunctionExists.c.o
/usr/bin/cc    -DCHECK_FUNCTION_EXISTS=pthread_create   -o CMakeFiles/cmTC_b7bde.dir/CheckFunctionExists.c.o   -c /usr/share/cmake-3.5/Modules/CheckFunctionExists.c
Linking C executable cmTC_b7bde
/usr/bin/cmake -E cmake_link_script CMakeFiles/cmTC_b7bde.dir/link.txt --verbose=1
/usr/bin/cc   -DCHECK_FUNCTION_EXISTS=pthread_create    CMakeFiles/cmTC_b7bde.dir/CheckFunctionExists.c.o  -o cmTC_b7bde -rdynamic -lpthreads 
/usr/bin/ld: -lpthreads が見つかりません
collect2: error: ld returned 1 exit status
CMakeFiles/cmTC_b7bde.dir/build.make:97: ターゲット 'cmTC_b7bde' のレシピで失敗しました
make[1]: *** [cmTC_b7bde] エラー 1
make[1]: ディレクトリ '/home/ros/catkin_ws/build/grid_map_merge/CMakeFiles/CMakeTmp' から出ます
Makefile:126: ターゲット 'cmTC_b7bde/fast' のレシピで失敗しました
make: *** [cmTC_b7bde/fast] エラー 2


