Determining if the pthread_create exist failed with the following output:
Change Dir: /home/ros/catkin_ws/build/roscore_communication/CMakeFiles/CMakeTmp

Run Build Command:"/usr/bin/make" "cmTC_03e42/fast"
/usr/bin/make -f CMakeFiles/cmTC_03e42.dir/build.make CMakeFiles/cmTC_03e42.dir/build
make[1]: ディレクトリ '/home/ros/catkin_ws/build/roscore_communication/CMakeFiles/CMakeTmp' に入ります
Building C object CMakeFiles/cmTC_03e42.dir/CheckSymbolExists.c.o
/usr/bin/cc     -o CMakeFiles/cmTC_03e42.dir/CheckSymbolExists.c.o   -c /home/ros/catkin_ws/build/roscore_communication/CMakeFiles/CMakeTmp/CheckSymbolExists.c
Linking C executable cmTC_03e42
/usr/bin/cmake -E cmake_link_script CMakeFiles/cmTC_03e42.dir/link.txt --verbose=1
/usr/bin/cc       CMakeFiles/cmTC_03e42.dir/CheckSymbolExists.c.o  -o cmTC_03e42 -rdynamic 
CMakeFiles/cmTC_03e42.dir/CheckSymbolExists.c.o: 関数 `main' 内:
CheckSymbolExists.c:(.text+0x16): `pthread_create' に対する定義されていない参照です
collect2: error: ld returned 1 exit status
CMakeFiles/cmTC_03e42.dir/build.make:97: ターゲット 'cmTC_03e42' のレシピで失敗しました
make[1]: *** [cmTC_03e42] エラー 1
make[1]: ディレクトリ '/home/ros/catkin_ws/build/roscore_communication/CMakeFiles/CMakeTmp' から出ます
Makefile:126: ターゲット 'cmTC_03e42/fast' のレシピで失敗しました
make: *** [cmTC_03e42/fast] エラー 2

File /home/ros/catkin_ws/build/roscore_communication/CMakeFiles/CMakeTmp/CheckSymbolExists.c:
/* */
#include <pthread.h>

int main(int argc, char** argv)
{
  (void)argv;
#ifndef pthread_create
  return ((int*)(&pthread_create))[argc];
#else
  (void)argc;
  return 0;
#endif
}

Determining if the function pthread_create exists in the pthreads failed with the following output:
Change Dir: /home/ros/catkin_ws/build/roscore_communication/CMakeFiles/CMakeTmp

Run Build Command:"/usr/bin/make" "cmTC_3e1a0/fast"
/usr/bin/make -f CMakeFiles/cmTC_3e1a0.dir/build.make CMakeFiles/cmTC_3e1a0.dir/build
make[1]: ディレクトリ '/home/ros/catkin_ws/build/roscore_communication/CMakeFiles/CMakeTmp' に入ります
Building C object CMakeFiles/cmTC_3e1a0.dir/CheckFunctionExists.c.o
/usr/bin/cc    -DCHECK_FUNCTION_EXISTS=pthread_create   -o CMakeFiles/cmTC_3e1a0.dir/CheckFunctionExists.c.o   -c /usr/share/cmake-3.5/Modules/CheckFunctionExists.c
Linking C executable cmTC_3e1a0
/usr/bin/cmake -E cmake_link_script CMakeFiles/cmTC_3e1a0.dir/link.txt --verbose=1
/usr/bin/cc   -DCHECK_FUNCTION_EXISTS=pthread_create    CMakeFiles/cmTC_3e1a0.dir/CheckFunctionExists.c.o  -o cmTC_3e1a0 -rdynamic -lpthreads 
/usr/bin/ld: -lpthreads が見つかりません
collect2: error: ld returned 1 exit status
CMakeFiles/cmTC_3e1a0.dir/build.make:97: ターゲット 'cmTC_3e1a0' のレシピで失敗しました
make[1]: *** [cmTC_3e1a0] エラー 1
make[1]: ディレクトリ '/home/ros/catkin_ws/build/roscore_communication/CMakeFiles/CMakeTmp' から出ます
Makefile:126: ターゲット 'cmTC_3e1a0/fast' のレシピで失敗しました
make: *** [cmTC_3e1a0/fast] エラー 2


