Determining if the pthread_create exist failed with the following output:
Change Dir: /home/ros/catkin_ws/build/map_merge/CMakeFiles/CMakeTmp

Run Build Command:"/usr/bin/make" "cmTC_366aa/fast"
/usr/bin/make -f CMakeFiles/cmTC_366aa.dir/build.make CMakeFiles/cmTC_366aa.dir/build
make[1]: ディレクトリ '/home/ros/catkin_ws/build/map_merge/CMakeFiles/CMakeTmp' に入ります
Building C object CMakeFiles/cmTC_366aa.dir/CheckSymbolExists.c.o
/usr/bin/cc     -o CMakeFiles/cmTC_366aa.dir/CheckSymbolExists.c.o   -c /home/ros/catkin_ws/build/map_merge/CMakeFiles/CMakeTmp/CheckSymbolExists.c
Linking C executable cmTC_366aa
/usr/bin/cmake -E cmake_link_script CMakeFiles/cmTC_366aa.dir/link.txt --verbose=1
/usr/bin/cc       CMakeFiles/cmTC_366aa.dir/CheckSymbolExists.c.o  -o cmTC_366aa -rdynamic 
CMakeFiles/cmTC_366aa.dir/CheckSymbolExists.c.o: 関数 `main' 内:
CheckSymbolExists.c:(.text+0x16): `pthread_create' に対する定義されていない参照です
collect2: error: ld returned 1 exit status
CMakeFiles/cmTC_366aa.dir/build.make:97: ターゲット 'cmTC_366aa' のレシピで失敗しました
make[1]: *** [cmTC_366aa] エラー 1
make[1]: ディレクトリ '/home/ros/catkin_ws/build/map_merge/CMakeFiles/CMakeTmp' から出ます
Makefile:126: ターゲット 'cmTC_366aa/fast' のレシピで失敗しました
make: *** [cmTC_366aa/fast] エラー 2

File /home/ros/catkin_ws/build/map_merge/CMakeFiles/CMakeTmp/CheckSymbolExists.c:
/* */
#include <pthread.h>

int main(int argc, char** argv)
{
  (void)argv;
#ifndef pthread_create
  return ((int*)(&pthread_create))[argc];
#else
  (void)argc;
  return 0;
#endif
}

Determining if the function pthread_create exists in the pthreads failed with the following output:
Change Dir: /home/ros/catkin_ws/build/map_merge/CMakeFiles/CMakeTmp

Run Build Command:"/usr/bin/make" "cmTC_2525a/fast"
/usr/bin/make -f CMakeFiles/cmTC_2525a.dir/build.make CMakeFiles/cmTC_2525a.dir/build
make[1]: ディレクトリ '/home/ros/catkin_ws/build/map_merge/CMakeFiles/CMakeTmp' に入ります
Building C object CMakeFiles/cmTC_2525a.dir/CheckFunctionExists.c.o
/usr/bin/cc    -DCHECK_FUNCTION_EXISTS=pthread_create   -o CMakeFiles/cmTC_2525a.dir/CheckFunctionExists.c.o   -c /usr/share/cmake-3.5/Modules/CheckFunctionExists.c
Linking C executable cmTC_2525a
/usr/bin/cmake -E cmake_link_script CMakeFiles/cmTC_2525a.dir/link.txt --verbose=1
/usr/bin/cc   -DCHECK_FUNCTION_EXISTS=pthread_create    CMakeFiles/cmTC_2525a.dir/CheckFunctionExists.c.o  -o cmTC_2525a -rdynamic -lpthreads 
/usr/bin/ld: -lpthreads が見つかりません
collect2: error: ld returned 1 exit status
CMakeFiles/cmTC_2525a.dir/build.make:97: ターゲット 'cmTC_2525a' のレシピで失敗しました
make[1]: *** [cmTC_2525a] エラー 1
make[1]: ディレクトリ '/home/ros/catkin_ws/build/map_merge/CMakeFiles/CMakeTmp' から出ます
Makefile:126: ターゲット 'cmTC_2525a/fast' のレシピで失敗しました
make: *** [cmTC_2525a/fast] エラー 2


