[01m[K/home/ros/catkin_ws/src/multiple_robots_slam/exploration_support/src/poselog_optimizer_node.cpp:[m[K In function ‘[01m[Kint main(int, char**)[m[K’:
[01m[K/home/ros/catkin_ws/src/multiple_robots_slam/exploration_support/src/poselog_optimizer_node.cpp:22:109:[m[K [01;31m[Kerror: [m[Kexpected ‘[01m[K,[m[K’ or ‘[01m[K...[m[K’ before ‘[01m[Kconst[m[K’
     sync.registerCallback(boost::bind(+[](const nav_msgs::PathConstPtr& mp,const nav_msgs::PathConstPtr& sp const double& ot)->void{
[01;32m[K                                                                                                             ^[m[K
[01m[K/home/ros/catkin_ws/src/multiple_robots_slam/exploration_support/src/poselog_optimizer_node.cpp:[m[K In lambda function:
[01m[K/home/ros/catkin_ws/src/multiple_robots_slam/exploration_support/src/poselog_optimizer_node.cpp:27:121:[m[K [01;31m[Kerror: [m[K‘[01m[Kot[m[K’ was not declared in this scope
                 if(Eigen::Vector2d(p.pose.position.x - s.pose.position.x, p.pose.position.y - s.pose.position.y).norm()<ot) return false;
[01;32m[K                                                                                                                         ^[m[K
[01m[K/home/ros/catkin_ws/src/multiple_robots_slam/exploration_support/src/poselog_optimizer_node.cpp:[m[K In lambda function:
[01m[K/home/ros/catkin_ws/src/multiple_robots_slam/exploration_support/src/poselog_optimizer_node.cpp:33:9:[m[K [01;31m[Kerror: [m[K‘[01m[Kpub[m[K’ is not captured
         pub.publish(op);
[01;32m[K         ^[m[K
[01m[K/home/ros/catkin_ws/src/multiple_robots_slam/exploration_support/src/poselog_optimizer_node.cpp:22:41:[m[K [01;36m[Knote: [m[Kthe lambda has no capture-default
     sync.registerCallback(boost::bind(+[](const nav_msgs::PathConstPtr& mp,const nav_msgs::PathConstPtr& sp const double& ot)->void{
[01;32m[K                                         ^[m[K
[01m[K/home/ros/catkin_ws/src/multiple_robots_slam/exploration_support/src/poselog_optimizer_node.cpp:15:20:[m[K [01;36m[Knote: [m[K‘[01m[Kros::Publisher pub[m[K’ declared here
     ros::Publisher pub = nh.advertise<nav_msgs::Path>("optimized_poselog",1,true);
[01;32m[K                    ^[m[K
In file included from [01m[K/usr/include/boost/bind.hpp:22:0[m[K,
                 from [01m[K/opt/ros/kinetic/include/ros/publisher.h:35[m[K,
                 from [01m[K/opt/ros/kinetic/include/ros/node_handle.h:32[m[K,
                 from [01m[K/opt/ros/kinetic/include/ros/ros.h:45[m[K,
                 from [01m[K/home/ros/catkin_ws/src/multiple_robots_slam/exploration_support/src/poselog_optimizer_node.cpp:1[m[K:
/usr/include/boost/bind/bind.hpp: In instantiation of ‘[01m[Kstruct boost::_bi::result_traits<boost::_bi::unspecified, void (*)(const boost::shared_ptr<const nav_msgs::Path_<std::allocator<void> > >&, const boost::shared_ptr<const nav_msgs::Path_<std::allocator<void> > >&)>[m[K’:
[01m[K/usr/include/boost/bind/bind.hpp:883:48:[m[K   required from ‘[01m[Kclass boost::_bi::bind_t<boost::_bi::unspecified, void (*)(const boost::shared_ptr<const nav_msgs::Path_<std::allocator<void> > >&, const boost::shared_ptr<const nav_msgs::Path_<std::allocator<void> > >&), boost::_bi::list3<boost::arg<1>, boost::arg<2>, boost::_bi::value<double> > >[m[K’
[01m[K/home/ros/catkin_ws/src/multiple_robots_slam/exploration_support/src/poselog_optimizer_node.cpp:34:31:[m[K   required from here
[01m[K/usr/include/boost/bind/bind.hpp:69:37:[m[K [01;31m[Kerror: [m[K‘[01m[Kvoid (*)(const boost::shared_ptr<const nav_msgs::Path_<std::allocator<void> > >&, const boost::shared_ptr<const nav_msgs::Path_<std::allocator<void> > >&)[m[K’ is not a class, struct, or union type
     typedef typename F::result_type type;
[01;32m[K                                     ^[m[K
In file included from [01m[K/usr/include/boost/function/detail/maybe_include.hpp:58:0[m[K,
                 from [01m[K/usr/include/boost/function/detail/function_iterate.hpp:14[m[K,
                 from [01m[K/usr/include/boost/preprocessor/iteration/detail/iter/forward1.hpp:92[m[K,
                 from [01m[K/usr/include/boost/function.hpp:64[m[K,
                 from [01m[K/opt/ros/kinetic/include/ros/forwards.h:40[m[K,
                 from [01m[K/opt/ros/kinetic/include/ros/common.h:37[m[K,
                 from [01m[K/opt/ros/kinetic/include/ros/ros.h:43[m[K,
                 from [01m[K/home/ros/catkin_ws/src/multiple_robots_slam/exploration_support/src/poselog_optimizer_node.cpp:1[m[K:
/usr/include/boost/function/function_template.hpp: In instantiation of ‘[01m[Kstatic void boost::detail::function::void_function_obj_invoker9<FunctionObj, R, T0, T1, T2, T3, T4, T5, T6, T7, T8>::invoke(boost::detail::function::function_buffer&, T0, T1, T2, T3, T4, T5, T6, T7, T8) [with FunctionObj = boost::_bi::bind_t<boost::_bi::unspecified, boost::_bi::bind_t<boost::_bi::unspecified, void (*)(const boost::shared_ptr<const nav_msgs::Path_<std::allocator<void> > >&, const boost::shared_ptr<const nav_msgs::Path_<std::allocator<void> > >&), boost::_bi::list3<boost::arg<1>, boost::arg<2>, boost::_bi::value<double> > >, boost::_bi::list9<boost::arg<1>, boost::arg<2>, boost::arg<3>, boost::arg<4>, boost::arg<5>, boost::arg<6>, boost::arg<7>, boost::arg<8>, boost::arg<9> > >; R = void; T0 = const boost::shared_ptr<const nav_msgs::Path_<std::allocator<void> > >&; T1 = const boost::shared_ptr<const nav_msgs::Path_<std::allocator<void> > >&; T2 = const boost::shared_ptr<const message_filters::NullType>&; T3 = const boost::shared_ptr<const message_filters::NullType>&; T4 = const boost::shared_ptr<const message_filters::NullType>&; T5 = const boost::shared_ptr<const message_filters::NullType>&; T6 = const boost::shared_ptr<const message_filters::NullType>&; T7 = const boost::shared_ptr<const message_filters::NullType>&; T8 = const boost::shared_ptr<const message_filters::NullType>&][m[K’:
[01m[K/usr/include/boost/function/function_template.hpp:940:38:[m[K   required from ‘[01m[Kvoid boost::function9<R, T1, T2, T3, T4, T5, T6, T7, T8, T9>::assign_to(Functor) [with Functor = boost::_bi::bind_t<boost::_bi::unspecified, boost::_bi::bind_t<boost::_bi::unspecified, void (*)(const boost::shared_ptr<const nav_msgs::Path_<std::allocator<void> > >&, const boost::shared_ptr<const nav_msgs::Path_<std::allocator<void> > >&), boost::_bi::list3<boost::arg<1>, boost::arg<2>, boost::_bi::value<double> > >, boost::_bi::list9<boost::arg<1>, boost::arg<2>, boost::arg<3>, boost::arg<4>, boost::arg<5>, boost::arg<6>, boost::arg<7>, boost::arg<8>, boost::arg<9> > >; R = void; T0 = const boost::shared_ptr<const nav_msgs::Path_<std::allocator<void> > >&; T1 = const boost::shared_ptr<const nav_msgs::Path_<std::allocator<void> > >&; T2 = const boost::shared_ptr<const message_filters::NullType>&; T3 = const boost::shared_ptr<const message_filters::NullType>&; T4 = const boost::shared_ptr<const message_filters::NullType>&; T5 = const boost::shared_ptr<const message_filters::NullType>&; T6 = const boost::shared_ptr<const message_filters::NullType>&; T7 = const boost::shared_ptr<const message_filters::NullType>&; T8 = const boost::shared_ptr<const message_filters::NullType>&][m[K’
[01m[K/usr/include/boost/function/function_template.hpp:728:7:[m[K   required from ‘[01m[Kboost::function9<R, T1, T2, T3, T4, T5, T6, T7, T8, T9>::function9(Functor, typename boost::enable_if_c<boost::type_traits::ice_not<boost::is_integral<Functor>::value>::value, int>::type) [with Functor = boost::_bi::bind_t<boost::_bi::unspecified, boost::_bi::bind_t<boost::_bi::unspecified, void (*)(const boost::shared_ptr<const nav_msgs::Path_<std::allocator<void> > >&, const boost::shared_ptr<const nav_msgs::Path_<std::allocator<void> > >&), boost::_bi::list3<boost::arg<1>, boost::arg<2>, boost::_bi::value<double> > >, boost::_bi::list9<boost::arg<1>, boost::arg<2>, boost::arg<3>, boost::arg<4>, boost::arg<5>, boost::arg<6>, boost::arg<7>, boost::arg<8>, boost::arg<9> > >; R = void; T0 = const boost::shared_ptr<const nav_msgs::Path_<std::allocator<void> > >&; T1 = const boost::shared_ptr<const nav_msgs::Path_<std::allocator<void> > >&; T2 = const boost::shared_ptr<const message_filters::NullType>&; T3 = const boost::shared_ptr<const message_filters::NullType>&; T4 = const boost::shared_ptr<const message_filters::NullType>&; T5 = const boost::shared_ptr<const message_filters::NullType>&; T6 = const boost::shared_ptr<const message_filters::NullType>&; T7 = const boost::shared_ptr<const message_filters::NullType>&; T8 = const boost::shared_ptr<const message_filters::NullType>&; typename boost::enable_if_c<boost::type_traits::ice_not<boost::is_integral<Functor>::value>::value, int>::type = int][m[K’
[01m[K/usr/include/boost/function/function_template.hpp:1077:16:[m[K   required from ‘[01m[Kboost::function<R(T0, T1, T2, T3, T4, T5, T6, T7, T8)>::function(Functor, typename boost::enable_if_c<boost::type_traits::ice_not<boost::is_integral<Functor>::value>::value, int>::type) [with Functor = boost::_bi::bind_t<boost::_bi::unspecified, boost::_bi::bind_t<boost::_bi::unspecified, void (*)(const boost::shared_ptr<const nav_msgs::Path_<std::allocator<void> > >&, const boost::shared_ptr<const nav_msgs::Path_<std::allocator<void> > >&), boost::_bi::list3<boost::arg<1>, boost::arg<2>, boost::_bi::value<double> > >, boost::_bi::list9<boost::arg<1>, boost::arg<2>, boost::arg<3>, boost::arg<4>, boost::arg<5>, boost::arg<6>, boost::arg<7>, boost::arg<8>, boost::arg<9> > >; R = void; T0 = const boost::shared_ptr<const nav_msgs::Path_<std::allocator<void> > >&; T1 = const boost::shared_ptr<const nav_msgs::Path_<std::allocator<void> > >&; T2 = const boost::shared_ptr<const message_filters::NullType>&; T3 = const boost::shared_ptr<const message_filters::NullType>&; T4 = const boost::shared_ptr<const message_filters::NullType>&; T5 = const boost::shared_ptr<const message_filters::NullType>&; T6 = const boost::shared_ptr<const message_filters::NullType>&; T7 = const boost::shared_ptr<const message_filters::NullType>&; T8 = const boost::shared_ptr<const message_filters::NullType>&; typename boost::enable_if_c<boost::type_traits::ice_not<boost::is_integral<Functor>::value>::value, int>::type = int][m[K’
[01m[K/opt/ros/kinetic/include/message_filters/signal9.h:281:40:[m[K   required from ‘[01m[Kmessage_filters::Connection message_filters::Signal9<M0, M1, M2, M3, M4, M5, M6, M7, M8>::addCallback(C&) [with C = const boost::_bi::bind_t<boost::_bi::unspecified, void (*)(const boost::shared_ptr<const nav_msgs::Path_<std::allocator<void> > >&, const boost::shared_ptr<const nav_msgs::Path_<std::allocator<void> > >&), boost::_bi::list3<boost::arg<1>, boost::arg<2>, boost::_bi::value<double> > >; M0 = nav_msgs::Path_<std::allocator<void> >; M1 = nav_msgs::Path_<std::allocator<void> >; M2 = message_filters::NullType; M3 = message_filters::NullType; M4 = message_filters::NullType; M5 = message_filters::NullType; M6 = message_filters::NullType; M7 = message_filters::NullType; M8 = message_filters::NullType][m[K’
[01m[K/opt/ros/kinetic/include/message_filters/synchronizer.h:310:40:[m[K   required from ‘[01m[Kmessage_filters::Connection message_filters::Synchronizer<Policy>::registerCallback(const C&) [with C = boost::_bi::bind_t<boost::_bi::unspecified, void (*)(const boost::shared_ptr<const nav_msgs::Path_<std::allocator<void> > >&, const boost::shared_ptr<const nav_msgs::Path_<std::allocator<void> > >&), boost::_bi::list3<boost::arg<1>, boost::arg<2>, boost::_bi::value<double> > >; Policy = message_filters::sync_policies::ApproximateTime<nav_msgs::Path_<std::allocator<void> >, nav_msgs::Path_<std::allocator<void> > >][m[K’
[01m[K/home/ros/catkin_ws/src/multiple_robots_slam/exploration_support/src/poselog_optimizer_node.cpp:34:32:[m[K   required from here
[01m[K/usr/include/boost/function/function_template.hpp:159:11:[m[K [01;31m[Kerror: [m[Kno match for call to ‘[01m[K(boost::_bi::bind_t<boost::_bi::unspecified, boost::_bi::bind_t<boost::_bi::unspecified, void (*)(const boost::shared_ptr<const nav_msgs::Path_<std::allocator<void> > >&, const boost::shared_ptr<const nav_msgs::Path_<std::allocator<void> > >&), boost::_bi::list3<boost::arg<1>, boost::arg<2>, boost::_bi::value<double> > >, boost::_bi::list9<boost::arg<1>, boost::arg<2>, boost::arg<3>, boost::arg<4>, boost::arg<5>, boost::arg<6>, boost::arg<7>, boost::arg<8>, boost::arg<9> > >) (const boost::shared_ptr<const nav_msgs::Path_<std::allocator<void> > >&, const boost::shared_ptr<const nav_msgs::Path_<std::allocator<void> > >&, const boost::shared_ptr<const message_filters::NullType>&, const boost::shared_ptr<const message_filters::NullType>&, const boost::shared_ptr<const message_filters::NullType>&, const boost::shared_ptr<const message_filters::NullType>&, const boost::shared_ptr<const message_filters::NullType>&, const boost::shared_ptr<const message_filters::NullType>&, const boost::shared_ptr<const message_filters::NullType>&)[m[K’
           BOOST_FUNCTION_RETURN((*f)(BOOST_FUNCTION_ARGS));
[01;32m[K           ^[m[K
make[2]: *** [CMakeFiles/poselog_optimizer.dir/src/poselog_optimizer_node.cpp.o] エラー 1
make[1]: *** [CMakeFiles/poselog_optimizer.dir/all] エラー 2
make: *** [all] エラー 2
