[01m[K/home/ros/catkin_ws/src/multiple_robots_slam/exploration_support/src/loop_closure_counter.cpp:[m[K In constructor ‘[01m[KLoopClosureCounter::LoopClosureCounter()[m[K’:
[01m[K/home/ros/catkin_ws/src/multiple_robots_slam/exploration_support/src/loop_closure_counter.cpp:20:6:[m[K [01;31m[Kerror: [m[Kclass ‘[01m[KLoopClosureCounter[m[K’ does not have any field named ‘[01m[Kloop[m[K’
     ,loop(new ExStc::pubStruct<std_msgs::Bool>("loop_closure_counter",1, true))
[01;32m[K      ^[m[K
[01m[K/home/ros/catkin_ws/src/multiple_robots_slam/exploration_support/src/loop_closure_counter.cpp:[m[K In member function ‘[01m[Kvoid LoopClosureCounter::loopDetection()[m[K’:
[01m[K/home/ros/catkin_ws/src/multiple_robots_slam/exploration_support/src/loop_closure_counter.cpp:74:9:[m[K [01;31m[Kerror: [m[K‘[01m[Kloop[m[K’ was not declared in this scope
         loop->pub.publish(ExCos::msgBool(loopCount < 10 ? true : false));
[01;32m[K         ^[m[K
[01m[K/home/ros/catkin_ws/src/multiple_robots_slam/exploration_support/src/loop_closure_counter.cpp:74:71:[m[K [01;31m[Kerror: [m[Kinvalid use of incomplete type ‘[01m[Kstd_msgs::Bool {aka struct std_msgs::Bool_<std::allocator<void> >}[m[K’
         loop->pub.publish(ExCos::msgBool(loopCount < 10 ? true : false));
[01;32m[K                                                                       ^[m[K
In file included from [01m[K/home/ros/catkin_ws/src/multiple_robots_slam/exploration_support/src/loop_closure_counter.cpp:7:0[m[K:
[01m[K/home/ros/catkin_ws/src/multiple_robots_slam/exploration_libraly/include/exploration_libraly/construct.h:42:12:[m[K [01;36m[Knote: [m[Kdeclaration of ‘[01m[Kstd_msgs::Bool {aka struct std_msgs::Bool_<std::allocator<void> >}[m[K’
     struct Bool_;
[01;32m[K            ^[m[K
In file included from [01m[K/opt/ros/kinetic/include/ros/serialization.h:37:0[m[K,
                 from [01m[K/opt/ros/kinetic/include/ros/publisher.h:34[m[K,
                 from [01m[K/opt/ros/kinetic/include/ros/node_handle.h:32[m[K,
                 from [01m[K/opt/ros/kinetic/include/ros/ros.h:45[m[K,
                 from [01m[K/home/ros/catkin_ws/src/multiple_robots_slam/exploration_support/src/loop_closure_counter.cpp:2[m[K:
/opt/ros/kinetic/include/ros/message_traits.h: In instantiation of ‘[01m[Kstatic const char* ros::message_traits::MD5Sum<M>::value() [with M = std_msgs::Bool_<std::allocator<void> >][m[K’:
[01m[K/opt/ros/kinetic/include/ros/message_traits.h:228:102:[m[K   required from ‘[01m[Kconst char* ros::message_traits::md5sum() [with M = std_msgs::Bool_<std::allocator<void> >][m[K’
[01m[K/opt/ros/kinetic/include/ros/advertise_options.h:92:39:[m[K   required from ‘[01m[Kvoid ros::AdvertiseOptions::init(const string&, uint32_t, const SubscriberStatusCallback&, const SubscriberStatusCallback&) [with M = std_msgs::Bool_<std::allocator<void> >; std::__cxx11::string = std::__cxx11::basic_string<char>; uint32_t = unsigned int; ros::SubscriberStatusCallback = boost::function<void(const ros::SingleSubscriberPublisher&)>][m[K’
[01m[K/opt/ros/kinetic/include/ros/node_handle.h:252:7:[m[K   required from ‘[01m[Kros::Publisher ros::NodeHandle::advertise(const string&, uint32_t, bool) [with M = std_msgs::Bool_<std::allocator<void> >; std::__cxx11::string = std::__cxx11::basic_string<char>; uint32_t = unsigned int][m[K’
[01m[K/home/ros/catkin_ws/src/multiple_robots_slam/exploration_libraly/include/exploration_libraly/struct.h:61:21:[m[K   required from ‘[01m[KExpLib::Struct::pubStruct<T>::pubStruct(const string&, uint32_t, bool) [with T = std_msgs::Bool_<std::allocator<void> >; std::__cxx11::string = std::__cxx11::basic_string<char>; uint32_t = unsigned int][m[K’
[01m[K/home/ros/catkin_ws/src/multiple_robots_slam/exploration_support/src/loop_closure_counter.cpp:20:78:[m[K   required from here
[01m[K/opt/ros/kinetic/include/ros/message_traits.h:121:28:[m[K [01;31m[Kerror: [m[Kincomplete type ‘[01m[Kstd_msgs::Bool_<std::allocator<void> >[m[K’ used in nested name specifier
     return M::__s_getMD5Sum().c_str();
[01;32m[K                            ^[m[K
/opt/ros/kinetic/include/ros/message_traits.h: In instantiation of ‘[01m[Kstatic const char* ros::message_traits::DataType<M>::value() [with M = std_msgs::Bool_<std::allocator<void> >][m[K’:
[01m[K/opt/ros/kinetic/include/ros/message_traits.h:237:104:[m[K   required from ‘[01m[Kconst char* ros::message_traits::datatype() [with M = std_msgs::Bool_<std::allocator<void> >][m[K’
[01m[K/opt/ros/kinetic/include/ros/advertise_options.h:93:43:[m[K   required from ‘[01m[Kvoid ros::AdvertiseOptions::init(const string&, uint32_t, const SubscriberStatusCallback&, const SubscriberStatusCallback&) [with M = std_msgs::Bool_<std::allocator<void> >; std::__cxx11::string = std::__cxx11::basic_string<char>; uint32_t = unsigned int; ros::SubscriberStatusCallback = boost::function<void(const ros::SingleSubscriberPublisher&)>][m[K’
[01m[K/opt/ros/kinetic/include/ros/node_handle.h:252:7:[m[K   required from ‘[01m[Kros::Publisher ros::NodeHandle::advertise(const string&, uint32_t, bool) [with M = std_msgs::Bool_<std::allocator<void> >; std::__cxx11::string = std::__cxx11::basic_string<char>; uint32_t = unsigned int][m[K’
[01m[K/home/ros/catkin_ws/src/multiple_robots_slam/exploration_libraly/include/exploration_libraly/struct.h:61:21:[m[K   required from ‘[01m[KExpLib::Struct::pubStruct<T>::pubStruct(const string&, uint32_t, bool) [with T = std_msgs::Bool_<std::allocator<void> >; std::__cxx11::string = std::__cxx11::basic_string<char>; uint32_t = unsigned int][m[K’
[01m[K/home/ros/catkin_ws/src/multiple_robots_slam/exploration_support/src/loop_closure_counter.cpp:20:78:[m[K   required from here
[01m[K/opt/ros/kinetic/include/ros/message_traits.h:138:30:[m[K [01;31m[Kerror: [m[Kincomplete type ‘[01m[Kstd_msgs::Bool_<std::allocator<void> >[m[K’ used in nested name specifier
     return M::__s_getDataType().c_str();
[01;32m[K                              ^[m[K
/opt/ros/kinetic/include/ros/message_traits.h: In instantiation of ‘[01m[Kstatic const char* ros::message_traits::Definition<M>::value() [with M = std_msgs::Bool_<std::allocator<void> >][m[K’:
[01m[K/opt/ros/kinetic/include/ros/message_traits.h:246:106:[m[K   required from ‘[01m[Kconst char* ros::message_traits::definition() [with M = std_msgs::Bool_<std::allocator<void> >][m[K’
[01m[K/opt/ros/kinetic/include/ros/advertise_options.h:94:55:[m[K   required from ‘[01m[Kvoid ros::AdvertiseOptions::init(const string&, uint32_t, const SubscriberStatusCallback&, const SubscriberStatusCallback&) [with M = std_msgs::Bool_<std::allocator<void> >; std::__cxx11::string = std::__cxx11::basic_string<char>; uint32_t = unsigned int; ros::SubscriberStatusCallback = boost::function<void(const ros::SingleSubscriberPublisher&)>][m[K’
[01m[K/opt/ros/kinetic/include/ros/node_handle.h:252:7:[m[K   required from ‘[01m[Kros::Publisher ros::NodeHandle::advertise(const string&, uint32_t, bool) [with M = std_msgs::Bool_<std::allocator<void> >; std::__cxx11::string = std::__cxx11::basic_string<char>; uint32_t = unsigned int][m[K’
[01m[K/home/ros/catkin_ws/src/multiple_robots_slam/exploration_libraly/include/exploration_libraly/struct.h:61:21:[m[K   required from ‘[01m[KExpLib::Struct::pubStruct<T>::pubStruct(const string&, uint32_t, bool) [with T = std_msgs::Bool_<std::allocator<void> >; std::__cxx11::string = std::__cxx11::basic_string<char>; uint32_t = unsigned int][m[K’
[01m[K/home/ros/catkin_ws/src/multiple_robots_slam/exploration_support/src/loop_closure_counter.cpp:20:78:[m[K   required from here
[01m[K/opt/ros/kinetic/include/ros/message_traits.h:155:39:[m[K [01;31m[Kerror: [m[Kincomplete type ‘[01m[Kstd_msgs::Bool_<std::allocator<void> >[m[K’ used in nested name specifier
     return M::__s_getMessageDefinition().c_str();
[01;32m[K                                       ^[m[K
make[2]: *** [CMakeFiles/loop_closure_counter.dir/src/loop_closure_counter.cpp.o] エラー 1
make[1]: *** [CMakeFiles/loop_closure_counter.dir/all] エラー 2
make: *** [all] エラー 2
