Linked: (/home/ros/catkin_ws/devel/.private/exploration_support/share/exploration_support/docs/frontier_detection_parameter_reconfigureConfig-usage.dox, /home/ros/catkin_ws/devel/share/exploration_support/docs/frontier_detection_parameter_reconfigureConfig-usage.dox)
Linked: (/home/ros/catkin_ws/devel/.private/exploration_support/share/exploration_support/docs/loop_closure_counter_parameter_reconfigureConfig-usage.dox, /home/ros/catkin_ws/devel/share/exploration_support/docs/loop_closure_counter_parameter_reconfigureConfig-usage.dox)
Linked: (/home/ros/catkin_ws/devel/.private/exploration_support/share/exploration_support/docs/exploration_manager_parameter_reconfigureConfig-usage.dox, /home/ros/catkin_ws/devel/share/exploration_support/docs/exploration_manager_parameter_reconfigureConfig-usage.dox)
Linked: (/home/ros/catkin_ws/devel/.private/exploration_support/share/exploration_support/docs/loop_closure_counter_parameter_reconfigureConfig.dox, /home/ros/catkin_ws/devel/share/exploration_support/docs/loop_closure_counter_parameter_reconfigureConfig.dox)
Linked: (/home/ros/catkin_ws/devel/.private/exploration_support/share/exploration_support/docs/branch_detection_parameter_reconfigureConfig.dox, /home/ros/catkin_ws/devel/share/exploration_support/docs/branch_detection_parameter_reconfigureConfig.dox)
Linked: (/home/ros/catkin_ws/devel/.private/exploration_support/share/exploration_support/docs/map_fill_parameter_reconfigureConfig.dox, /home/ros/catkin_ws/devel/share/exploration_support/docs/map_fill_parameter_reconfigureConfig.dox)
Linked: (/home/ros/catkin_ws/devel/.private/exploration_support/share/exploration_support/docs/map_fill_parameter_reconfigureConfig.wikidoc, /home/ros/catkin_ws/devel/share/exploration_support/docs/map_fill_parameter_reconfigureConfig.wikidoc)
Linked: (/home/ros/catkin_ws/devel/.private/exploration_support/share/exploration_support/docs/branch_detection_parameter_reconfigureConfig-usage.dox, /home/ros/catkin_ws/devel/share/exploration_support/docs/branch_detection_parameter_reconfigureConfig-usage.dox)
Linked: (/home/ros/catkin_ws/devel/.private/exploration_support/share/exploration_support/docs/map_fill_parameter_reconfigureConfig-usage.dox, /home/ros/catkin_ws/devel/share/exploration_support/docs/map_fill_parameter_reconfigureConfig-usage.dox)
Linked: (/home/ros/catkin_ws/devel/.private/exploration_support/share/exploration_support/docs/branch_detection_parameter_reconfigureConfig.wikidoc, /home/ros/catkin_ws/devel/share/exploration_support/docs/branch_detection_parameter_reconfigureConfig.wikidoc)
Linked: (/home/ros/catkin_ws/devel/.private/exploration_support/share/exploration_support/docs/exploration_manager_parameter_reconfigureConfig.wikidoc, /home/ros/catkin_ws/devel/share/exploration_support/docs/exploration_manager_parameter_reconfigureConfig.wikidoc)
Linked: (/home/ros/catkin_ws/devel/.private/exploration_support/share/exploration_support/docs/exploration_manager_parameter_reconfigureConfig.dox, /home/ros/catkin_ws/devel/share/exploration_support/docs/exploration_manager_parameter_reconfigureConfig.dox)
Linked: (/home/ros/catkin_ws/devel/.private/exploration_support/share/exploration_support/docs/loop_closure_counter_parameter_reconfigureConfig.wikidoc, /home/ros/catkin_ws/devel/share/exploration_support/docs/loop_closure_counter_parameter_reconfigureConfig.wikidoc)
Linked: (/home/ros/catkin_ws/devel/.private/exploration_support/share/exploration_support/docs/frontier_detection_parameter_reconfigureConfig.dox, /home/ros/catkin_ws/devel/share/exploration_support/docs/frontier_detection_parameter_reconfigureConfig.dox)
Linked: (/home/ros/catkin_ws/devel/.private/exploration_support/share/exploration_support/docs/frontier_detection_parameter_reconfigureConfig.wikidoc, /home/ros/catkin_ws/devel/share/exploration_support/docs/frontier_detection_parameter_reconfigureConfig.wikidoc)
Linked: (/home/ros/catkin_ws/devel/.private/exploration_support/share/exploration_support/cmake/exploration_supportConfig-version.cmake, /home/ros/catkin_ws/devel/share/exploration_support/cmake/exploration_supportConfig-version.cmake)
Linked: (/home/ros/catkin_ws/devel/.private/exploration_support/share/exploration_support/cmake/exploration_supportConfig.cmake, /home/ros/catkin_ws/devel/share/exploration_support/cmake/exploration_supportConfig.cmake)
Linked: (/home/ros/catkin_ws/devel/.private/exploration_support/lib/pkgconfig/exploration_support.pc, /home/ros/catkin_ws/devel/lib/pkgconfig/exploration_support.pc)
Symlinking /home/ros/catkin_ws/devel/lib/exploration_support/branch_detection_ver2
Linked: (/home/ros/catkin_ws/devel/.private/exploration_support/lib/exploration_support/robot_manager, /home/ros/catkin_ws/devel/lib/exploration_support/robot_manager)
Linked: (/home/ros/catkin_ws/devel/.private/exploration_support/lib/exploration_support/goal_cancel_observer, /home/ros/catkin_ws/devel/lib/exploration_support/goal_cancel_observer)
Linked: (/home/ros/catkin_ws/devel/.private/exploration_support/lib/exploration_support/map_continuity, /home/ros/catkin_ws/devel/lib/exploration_support/map_continuity)
Linked: (/home/ros/catkin_ws/devel/.private/exploration_support/lib/exploration_support/exploration_manager, /home/ros/catkin_ws/devel/lib/exploration_support/exploration_manager)
Linked: (/home/ros/catkin_ws/devel/.private/exploration_support/lib/exploration_support/branch_detection, /home/ros/catkin_ws/devel/lib/exploration_support/branch_detection)
Linked: (/home/ros/catkin_ws/devel/.private/exploration_support/lib/exploration_support/bumper_continuity, /home/ros/catkin_ws/devel/lib/exploration_support/bumper_continuity)
Linked: (/home/ros/catkin_ws/devel/.private/exploration_support/lib/exploration_support/movebase_canceller, /home/ros/catkin_ws/devel/lib/exploration_support/movebase_canceller)
Linked: (/home/ros/catkin_ws/devel/.private/exploration_support/lib/exploration_support/frontier_detection, /home/ros/catkin_ws/devel/lib/exploration_support/frontier_detection)
Linked: (/home/ros/catkin_ws/devel/.private/exploration_support/lib/exploration_support/visualization, /home/ros/catkin_ws/devel/lib/exploration_support/visualization)
Linked: (/home/ros/catkin_ws/devel/.private/exploration_support/lib/exploration_support/map_fill, /home/ros/catkin_ws/devel/lib/exploration_support/map_fill)
Linked: (/home/ros/catkin_ws/devel/.private/exploration_support/lib/exploration_support/loop_closure_counter, /home/ros/catkin_ws/devel/lib/exploration_support/loop_closure_counter)
Linked: (/home/ros/catkin_ws/devel/.private/exploration_support/lib/exploration_support/poselog_optimizer, /home/ros/catkin_ws/devel/lib/exploration_support/poselog_optimizer)
Linked: (/home/ros/catkin_ws/devel/.private/exploration_support/lib/python2.7/dist-packages/exploration_support/__init__.py, /home/ros/catkin_ws/devel/lib/python2.7/dist-packages/exploration_support/__init__.py)
Linked: (/home/ros/catkin_ws/devel/.private/exploration_support/lib/python2.7/dist-packages/exploration_support/cfg/loop_closure_counter_parameter_reconfigureConfig.py, /home/ros/catkin_ws/devel/lib/python2.7/dist-packages/exploration_support/cfg/loop_closure_counter_parameter_reconfigureConfig.py)
Linked: (/home/ros/catkin_ws/devel/.private/exploration_support/lib/python2.7/dist-packages/exploration_support/cfg/branch_detection_parameter_reconfigureConfig.py, /home/ros/catkin_ws/devel/lib/python2.7/dist-packages/exploration_support/cfg/branch_detection_parameter_reconfigureConfig.py)
Linked: (/home/ros/catkin_ws/devel/.private/exploration_support/lib/python2.7/dist-packages/exploration_support/cfg/frontier_detection_parameter_reconfigureConfig.py, /home/ros/catkin_ws/devel/lib/python2.7/dist-packages/exploration_support/cfg/frontier_detection_parameter_reconfigureConfig.py)
Linked: (/home/ros/catkin_ws/devel/.private/exploration_support/lib/python2.7/dist-packages/exploration_support/cfg/exploration_manager_parameter_reconfigureConfig.py, /home/ros/catkin_ws/devel/lib/python2.7/dist-packages/exploration_support/cfg/exploration_manager_parameter_reconfigureConfig.py)
Linked: (/home/ros/catkin_ws/devel/.private/exploration_support/lib/python2.7/dist-packages/exploration_support/cfg/map_fill_parameter_reconfigureConfig.py, /home/ros/catkin_ws/devel/lib/python2.7/dist-packages/exploration_support/cfg/map_fill_parameter_reconfigureConfig.py)
Linked: (/home/ros/catkin_ws/devel/.private/exploration_support/lib/python2.7/dist-packages/exploration_support/cfg/__init__.py, /home/ros/catkin_ws/devel/lib/python2.7/dist-packages/exploration_support/cfg/__init__.py)
Linked: (/home/ros/catkin_ws/devel/.private/exploration_support/include/exploration_support/branch_detection_parameter_reconfigureConfig.h, /home/ros/catkin_ws/devel/include/exploration_support/branch_detection_parameter_reconfigureConfig.h)
Linked: (/home/ros/catkin_ws/devel/.private/exploration_support/include/exploration_support/frontier_detection_parameter_reconfigureConfig.h, /home/ros/catkin_ws/devel/include/exploration_support/frontier_detection_parameter_reconfigureConfig.h)
Linked: (/home/ros/catkin_ws/devel/.private/exploration_support/include/exploration_support/exploration_manager_parameter_reconfigureConfig.h, /home/ros/catkin_ws/devel/include/exploration_support/exploration_manager_parameter_reconfigureConfig.h)
Linked: (/home/ros/catkin_ws/devel/.private/exploration_support/include/exploration_support/loop_closure_counter_parameter_reconfigureConfig.h, /home/ros/catkin_ws/devel/include/exploration_support/loop_closure_counter_parameter_reconfigureConfig.h)
Linked: (/home/ros/catkin_ws/devel/.private/exploration_support/include/exploration_support/map_fill_parameter_reconfigureConfig.h, /home/ros/catkin_ws/devel/include/exploration_support/map_fill_parameter_reconfigureConfig.h)
