Determining if the pthread_create exist failed with the following output:
Change Dir: /home/ros/catkin_ws/build/multi_turtlebot_mapping/CMakeFiles/CMakeTmp

Run Build Command:"/usr/bin/make" "cmTC_3bd7f/fast"
/usr/bin/make -f CMakeFiles/cmTC_3bd7f.dir/build.make CMakeFiles/cmTC_3bd7f.dir/build
make[1]: ディレクトリ '/home/ros/catkin_ws/build/multi_turtlebot_mapping/CMakeFiles/CMakeTmp' に入ります
Building C object CMakeFiles/cmTC_3bd7f.dir/CheckSymbolExists.c.o
/usr/bin/cc     -o CMakeFiles/cmTC_3bd7f.dir/CheckSymbolExists.c.o   -c /home/ros/catkin_ws/build/multi_turtlebot_mapping/CMakeFiles/CMakeTmp/CheckSymbolExists.c
Linking C executable cmTC_3bd7f
/usr/bin/cmake -E cmake_link_script CMakeFiles/cmTC_3bd7f.dir/link.txt --verbose=1
/usr/bin/cc       CMakeFiles/cmTC_3bd7f.dir/CheckSymbolExists.c.o  -o cmTC_3bd7f -rdynamic 
CMakeFiles/cmTC_3bd7f.dir/CheckSymbolExists.c.o: 関数 `main' 内:
CheckSymbolExists.c:(.text+0x16): `pthread_create' に対する定義されていない参照です
collect2: error: ld returned 1 exit status
CMakeFiles/cmTC_3bd7f.dir/build.make:97: ターゲット 'cmTC_3bd7f' のレシピで失敗しました
make[1]: *** [cmTC_3bd7f] エラー 1
make[1]: ディレクトリ '/home/ros/catkin_ws/build/multi_turtlebot_mapping/CMakeFiles/CMakeTmp' から出ます
Makefile:126: ターゲット 'cmTC_3bd7f/fast' のレシピで失敗しました
make: *** [cmTC_3bd7f/fast] エラー 2

File /home/ros/catkin_ws/build/multi_turtlebot_mapping/CMakeFiles/CMakeTmp/CheckSymbolExists.c:
/* */
#include <pthread.h>

int main(int argc, char** argv)
{
  (void)argv;
#ifndef pthread_create
  return ((int*)(&pthread_create))[argc];
#else
  (void)argc;
  return 0;
#endif
}

Determining if the function pthread_create exists in the pthreads failed with the following output:
Change Dir: /home/ros/catkin_ws/build/multi_turtlebot_mapping/CMakeFiles/CMakeTmp

Run Build Command:"/usr/bin/make" "cmTC_f5307/fast"
/usr/bin/make -f CMakeFiles/cmTC_f5307.dir/build.make CMakeFiles/cmTC_f5307.dir/build
make[1]: ディレクトリ '/home/ros/catkin_ws/build/multi_turtlebot_mapping/CMakeFiles/CMakeTmp' に入ります
Building C object CMakeFiles/cmTC_f5307.dir/CheckFunctionExists.c.o
/usr/bin/cc    -DCHECK_FUNCTION_EXISTS=pthread_create   -o CMakeFiles/cmTC_f5307.dir/CheckFunctionExists.c.o   -c /usr/share/cmake-3.5/Modules/CheckFunctionExists.c
Linking C executable cmTC_f5307
/usr/bin/cmake -E cmake_link_script CMakeFiles/cmTC_f5307.dir/link.txt --verbose=1
/usr/bin/cc   -DCHECK_FUNCTION_EXISTS=pthread_create    CMakeFiles/cmTC_f5307.dir/CheckFunctionExists.c.o  -o cmTC_f5307 -rdynamic -lpthreads 
/usr/bin/ld: -lpthreads が見つかりません
collect2: error: ld returned 1 exit status
CMakeFiles/cmTC_f5307.dir/build.make:97: ターゲット 'cmTC_f5307' のレシピで失敗しました
make[1]: *** [cmTC_f5307] エラー 1
make[1]: ディレクトリ '/home/ros/catkin_ws/build/multi_turtlebot_mapping/CMakeFiles/CMakeTmp' から出ます
Makefile:126: ターゲット 'cmTC_f5307/fast' のレシピで失敗しました
make: *** [cmTC_f5307/fast] エラー 2


